2025-11-05 13:18:11,803 INFO: 
                ____                _       _____  ____
               / __ ) ____ _ _____ (_)_____/ ___/ / __ \
              / __  |/ __ `// ___// // ___/\__ \ / /_/ /
             / /_/ // /_/ /(__  )/ // /__ ___/ // _, _/
            /_____/ \__,_//____//_/ \___//____//_/ |_|
     ______                   __   __                 __      __
    / ____/____   ____   ____/ /  / /   __  __ _____ / /__   / /
   / / __ / __ \ / __ \ / __  /  / /   / / / // ___// //_/  / /
  / /_/ // /_/ // /_/ // /_/ /  / /___/ /_/ // /__ / /<    /_/
  \____/ \____/ \____/ \____/  /_____/\____/ \___//_/|_|  (_)
    
Version Information: 
	BasicSR: 1.4.2
	PyTorch: 2.8.0+cu126
	TorchVision: 0.23.0+cu126
2025-11-05 13:18:11,805 INFO: 
  name: FaceESRGAN_finetune_20k_v1
  model_type: SRGANModel
  scale: 4
  num_gpu: 1
  manual_seed: 42
  datasets:[
    train:[
      name: FaceTrain
      type: PairedImageDataset
      dataroot_gt: /content/dataset_faces/HR
      dataroot_lq: /content/dataset_faces/LR
      io_backend:[
        type: disk
      ]
      gt_size: 256
      use_hflip: True
      use_rot: True
      num_worker_per_gpu: 2
      batch_size_per_gpu: 2
      phase: train
      scale: 4
    ]
    val:[
      name: FaceVal
      type: PairedImageDataset
      dataroot_gt: /content/dataset_faces/HR_val
      dataroot_lq: /content/dataset_faces/LR_val
      io_backend:[
        type: disk
      ]
      gt_size: 256
      phase: val
      scale: 4
    ]
  ]
  network_g:[
    type: RRDBNet
    num_in_ch: 3
    num_out_ch: 3
    num_feat: 64
    num_block: 23
    num_grow_ch: 32
    scale: 4
  ]
  network_d:[
    type: UNetDiscriminatorSN
    num_in_ch: 3
    num_feat: 48
  ]
  path:[
    pretrain_network_g: /content/drive/MyDrive/RealESRGAN_Experiments/FaceESRGAN_finetune_10k_v2/models/net_g_9000.pth
    strict_load_g: False
    param_key_g: params_ema
    experiments_root: /content/drive/MyDrive/RealESRGAN_Experiments/FaceESRGAN_finetune_20k_v1
    models: /content/drive/MyDrive/RealESRGAN_Experiments/FaceESRGAN_finetune_20k_v1/models
    training_states: /content/drive/MyDrive/RealESRGAN_Experiments/FaceESRGAN_finetune_20k_v1/training_states
    log: /content/drive/MyDrive/RealESRGAN_Experiments/FaceESRGAN_finetune_20k_v1
    results_root: results
    visualization: /content/drive/MyDrive/RealESRGAN_Experiments/FaceESRGAN_finetune_20k_v1/visualization
  ]
  train:[
    total_iter: 10000
    warmup_iter: -1
    use_amp: True
    freeze_layers_g: 20
    optim_g:[
      type: Adam
      lr: 5e-05
      weight_decay: 0.0
      betas: [0.9, 0.99]
    ]
    optim_d:[
      type: Adam
      lr: 5e-05
      weight_decay: 0.0
      betas: [0.9, 0.99]
    ]
    scheduler:[
      type: MultiStepLR
      milestones: [6000, 9000]
      gamma: 0.5
    ]
    pixel_opt:[
      type: L1Loss
      loss_weight: 1.0
      reduction: mean
    ]
    perceptual_opt:[
      type: PerceptualLoss
      layer_weights:[
        conv5_4: 1.0
      ]
      perceptual_weight: 1.0
      style_weight: 0
      use_input_norm: True
      range_norm: False
      criterion: l1
    ]
    gan_opt:[
      type: GANLoss
      gan_type: lsgan
      loss_weight: 0.05
    ]
  ]
  val:[
    val_freq: 2000
    save_img: True
    metrics:[
      psnr:[
        type: calculate_psnr
        crop_border: 4
        test_y_channel: True
      ]
      ssim:[
        type: calculate_ssim
        crop_border: 4
        test_y_channel: True
      ]
    ]
  ]
  logger:[
    print_freq: 50
    save_checkpoint_freq: 2000
    use_tb_logger: False
    wandb:[
      project: None
      resume_id: None
    ]
  ]
  dist_params:[
    backend: gloo
    port: 29500
  ]
  dist: False
  rank: 0
  world_size: 1
  auto_resume: False
  is_train: True
  root_path: /content/basicsr

2025-11-05 13:18:12,056 INFO: Dataset [PairedImageDataset] - FaceTrain is built.
2025-11-05 13:18:12,057 INFO: Training statistics:
	Number of train images: 3043
	Dataset enlarge ratio: 1
	Batch size per gpu: 2
	World size (gpu number): 1
	Require iter number per epoch: 1522
	Total epochs: 7; iters: 10000.
2025-11-05 13:18:12,059 INFO: Dataset [PairedImageDataset] - FaceVal is built.
2025-11-05 13:18:12,059 INFO: Number of val images/folders in FaceVal: 100
2025-11-05 13:18:12,350 INFO: Network [RRDBNet] is created.
2025-11-05 13:18:12,739 INFO: Network: RRDBNet, with parameters: 16,697,987
2025-11-05 13:18:12,739 INFO: RRDBNet(
  (conv_first): Conv2d(3, 64, kernel_size=(3, 3), stride=(1, 1), padding=(1, 1))
  (body): Sequential(
    (0): RRDB(
      (rdb1): ResidualDenseBlock(
        (conv1): Conv2d(64, 32, kernel_size=(3, 3), stride=(1, 1), padding=(1, 1))
        (conv2): Conv2d(96, 32, kernel_size=(3, 3), stride=(1, 1), padding=(1, 1))
        (conv3): Conv2d(128, 32, kernel_size=(3, 3), stride=(1, 1), padding=(1, 1))
        (conv4): Conv2d(160, 32, kernel_size=(3, 3), stride=(1, 1), padding=(1, 1))
        (conv5): Conv2d(192, 64, kernel_size=(3, 3), stride=(1, 1), padding=(1, 1))
        (lrelu): LeakyReLU(negative_slope=0.2, inplace=True)
      )
      (rdb2): ResidualDenseBlock(
        (conv1): Conv2d(64, 32, kernel_size=(3, 3), stride=(1, 1), padding=(1, 1))
        (conv2): Conv2d(96, 32, kernel_size=(3, 3), stride=(1, 1), padding=(1, 1))
        (conv3): Conv2d(128, 32, kernel_size=(3, 3), stride=(1, 1), padding=(1, 1))
        (conv4): Conv2d(160, 32, kernel_size=(3, 3), stride=(1, 1), padding=(1, 1))
        (conv5): Conv2d(192, 64, kernel_size=(3, 3), stride=(1, 1), padding=(1, 1))
        (lrelu): LeakyReLU(negative_slope=0.2, inplace=True)
      )
      (rdb3): ResidualDenseBlock(
        (conv1): Conv2d(64, 32, kernel_size=(3, 3), stride=(1, 1), padding=(1, 1))
        (conv2): Conv2d(96, 32, kernel_size=(3, 3), stride=(1, 1), padding=(1, 1))
        (conv3): Conv2d(128, 32, kernel_size=(3, 3), stride=(1, 1), padding=(1, 1))
        (conv4): Conv2d(160, 32, kernel_size=(3, 3), stride=(1, 1), padding=(1, 1))
        (conv5): Conv2d(192, 64, kernel_size=(3, 3), stride=(1, 1), padding=(1, 1))
        (lrelu): LeakyReLU(negative_slope=0.2, inplace=True)
      )
    )
    (1): RRDB(
      (rdb1): ResidualDenseBlock(
        (conv1): Conv2d(64, 32, kernel_size=(3, 3), stride=(1, 1), padding=(1, 1))
        (conv2): Conv2d(96, 32, kernel_size=(3, 3), stride=(1, 1), padding=(1, 1))
        (conv3): Conv2d(128, 32, kernel_size=(3, 3), stride=(1, 1), padding=(1, 1))
        (conv4): Conv2d(160, 32, kernel_size=(3, 3), stride=(1, 1), padding=(1, 1))
        (conv5): Conv2d(192, 64, kernel_size=(3, 3), stride=(1, 1), padding=(1, 1))
        (lrelu): LeakyReLU(negative_slope=0.2, inplace=True)
      )
      (rdb2): ResidualDenseBlock(
        (conv1): Conv2d(64, 32, kernel_size=(3, 3), stride=(1, 1), padding=(1, 1))
        (conv2): Conv2d(96, 32, kernel_size=(3, 3), stride=(1, 1), padding=(1, 1))
        (conv3): Conv2d(128, 32, kernel_size=(3, 3), stride=(1, 1), padding=(1, 1))
        (conv4): Conv2d(160, 32, kernel_size=(3, 3), stride=(1, 1), padding=(1, 1))
        (conv5): Conv2d(192, 64, kernel_size=(3, 3), stride=(1, 1), padding=(1, 1))
        (lrelu): LeakyReLU(negative_slope=0.2, inplace=True)
      )
      (rdb3): ResidualDenseBlock(
        (conv1): Conv2d(64, 32, kernel_size=(3, 3), stride=(1, 1), padding=(1, 1))
        (conv2): Conv2d(96, 32, kernel_size=(3, 3), stride=(1, 1), padding=(1, 1))
        (conv3): Conv2d(128, 32, kernel_size=(3, 3), stride=(1, 1), padding=(1, 1))
        (conv4): Conv2d(160, 32, kernel_size=(3, 3), stride=(1, 1), padding=(1, 1))
        (conv5): Conv2d(192, 64, kernel_size=(3, 3), stride=(1, 1), padding=(1, 1))
        (lrelu): LeakyReLU(negative_slope=0.2, inplace=True)
      )
    )
    (2): RRDB(
      (rdb1): ResidualDenseBlock(
        (conv1): Conv2d(64, 32, kernel_size=(3, 3), stride=(1, 1), padding=(1, 1))
        (conv2): Conv2d(96, 32, kernel_size=(3, 3), stride=(1, 1), padding=(1, 1))
        (conv3): Conv2d(128, 32, kernel_size=(3, 3), stride=(1, 1), padding=(1, 1))
        (conv4): Conv2d(160, 32, kernel_size=(3, 3), stride=(1, 1), padding=(1, 1))
        (conv5): Conv2d(192, 64, kernel_size=(3, 3), stride=(1, 1), padding=(1, 1))
        (lrelu): LeakyReLU(negative_slope=0.2, inplace=True)
      )
      (rdb2): ResidualDenseBlock(
        (conv1): Conv2d(64, 32, kernel_size=(3, 3), stride=(1, 1), padding=(1, 1))
        (conv2): Conv2d(96, 32, kernel_size=(3, 3), stride=(1, 1), padding=(1, 1))
        (conv3): Conv2d(128, 32, kernel_size=(3, 3), stride=(1, 1), padding=(1, 1))
        (conv4): Conv2d(160, 32, kernel_size=(3, 3), stride=(1, 1), padding=(1, 1))
        (conv5): Conv2d(192, 64, kernel_size=(3, 3), stride=(1, 1), padding=(1, 1))
        (lrelu): LeakyReLU(negative_slope=0.2, inplace=True)
      )
      (rdb3): ResidualDenseBlock(
        (conv1): Conv2d(64, 32, kernel_size=(3, 3), stride=(1, 1), padding=(1, 1))
        (conv2): Conv2d(96, 32, kernel_size=(3, 3), stride=(1, 1), padding=(1, 1))
        (conv3): Conv2d(128, 32, kernel_size=(3, 3), stride=(1, 1), padding=(1, 1))
        (conv4): Conv2d(160, 32, kernel_size=(3, 3), stride=(1, 1), padding=(1, 1))
        (conv5): Conv2d(192, 64, kernel_size=(3, 3), stride=(1, 1), padding=(1, 1))
        (lrelu): LeakyReLU(negative_slope=0.2, inplace=True)
      )
    )
    (3): RRDB(
      (rdb1): ResidualDenseBlock(
        (conv1): Conv2d(64, 32, kernel_size=(3, 3), stride=(1, 1), padding=(1, 1))
        (conv2): Conv2d(96, 32, kernel_size=(3, 3), stride=(1, 1), padding=(1, 1))
        (conv3): Conv2d(128, 32, kernel_size=(3, 3), stride=(1, 1), padding=(1, 1))
        (conv4): Conv2d(160, 32, kernel_size=(3, 3), stride=(1, 1), padding=(1, 1))
        (conv5): Conv2d(192, 64, kernel_size=(3, 3), stride=(1, 1), padding=(1, 1))
        (lrelu): LeakyReLU(negative_slope=0.2, inplace=True)
      )
      (rdb2): ResidualDenseBlock(
        (conv1): Conv2d(64, 32, kernel_size=(3, 3), stride=(1, 1), padding=(1, 1))
        (conv2): Conv2d(96, 32, kernel_size=(3, 3), stride=(1, 1), padding=(1, 1))
        (conv3): Conv2d(128, 32, kernel_size=(3, 3), stride=(1, 1), padding=(1, 1))
        (conv4): Conv2d(160, 32, kernel_size=(3, 3), stride=(1, 1), padding=(1, 1))
        (conv5): Conv2d(192, 64, kernel_size=(3, 3), stride=(1, 1), padding=(1, 1))
        (lrelu): LeakyReLU(negative_slope=0.2, inplace=True)
      )
      (rdb3): ResidualDenseBlock(
        (conv1): Conv2d(64, 32, kernel_size=(3, 3), stride=(1, 1), padding=(1, 1))
        (conv2): Conv2d(96, 32, kernel_size=(3, 3), stride=(1, 1), padding=(1, 1))
        (conv3): Conv2d(128, 32, kernel_size=(3, 3), stride=(1, 1), padding=(1, 1))
        (conv4): Conv2d(160, 32, kernel_size=(3, 3), stride=(1, 1), padding=(1, 1))
        (conv5): Conv2d(192, 64, kernel_size=(3, 3), stride=(1, 1), padding=(1, 1))
        (lrelu): LeakyReLU(negative_slope=0.2, inplace=True)
      )
    )
    (4): RRDB(
      (rdb1): ResidualDenseBlock(
        (conv1): Conv2d(64, 32, kernel_size=(3, 3), stride=(1, 1), padding=(1, 1))
        (conv2): Conv2d(96, 32, kernel_size=(3, 3), stride=(1, 1), padding=(1, 1))
        (conv3): Conv2d(128, 32, kernel_size=(3, 3), stride=(1, 1), padding=(1, 1))
        (conv4): Conv2d(160, 32, kernel_size=(3, 3), stride=(1, 1), padding=(1, 1))
        (conv5): Conv2d(192, 64, kernel_size=(3, 3), stride=(1, 1), padding=(1, 1))
        (lrelu): LeakyReLU(negative_slope=0.2, inplace=True)
      )
      (rdb2): ResidualDenseBlock(
        (conv1): Conv2d(64, 32, kernel_size=(3, 3), stride=(1, 1), padding=(1, 1))
        (conv2): Conv2d(96, 32, kernel_size=(3, 3), stride=(1, 1), padding=(1, 1))
        (conv3): Conv2d(128, 32, kernel_size=(3, 3), stride=(1, 1), padding=(1, 1))
        (conv4): Conv2d(160, 32, kernel_size=(3, 3), stride=(1, 1), padding=(1, 1))
        (conv5): Conv2d(192, 64, kernel_size=(3, 3), stride=(1, 1), padding=(1, 1))
        (lrelu): LeakyReLU(negative_slope=0.2, inplace=True)
      )
      (rdb3): ResidualDenseBlock(
        (conv1): Conv2d(64, 32, kernel_size=(3, 3), stride=(1, 1), padding=(1, 1))
        (conv2): Conv2d(96, 32, kernel_size=(3, 3), stride=(1, 1), padding=(1, 1))
        (conv3): Conv2d(128, 32, kernel_size=(3, 3), stride=(1, 1), padding=(1, 1))
        (conv4): Conv2d(160, 32, kernel_size=(3, 3), stride=(1, 1), padding=(1, 1))
        (conv5): Conv2d(192, 64, kernel_size=(3, 3), stride=(1, 1), padding=(1, 1))
        (lrelu): LeakyReLU(negative_slope=0.2, inplace=True)
      )
    )
    (5): RRDB(
      (rdb1): ResidualDenseBlock(
        (conv1): Conv2d(64, 32, kernel_size=(3, 3), stride=(1, 1), padding=(1, 1))
        (conv2): Conv2d(96, 32, kernel_size=(3, 3), stride=(1, 1), padding=(1, 1))
        (conv3): Conv2d(128, 32, kernel_size=(3, 3), stride=(1, 1), padding=(1, 1))
        (conv4): Conv2d(160, 32, kernel_size=(3, 3), stride=(1, 1), padding=(1, 1))
        (conv5): Conv2d(192, 64, kernel_size=(3, 3), stride=(1, 1), padding=(1, 1))
        (lrelu): LeakyReLU(negative_slope=0.2, inplace=True)
      )
      (rdb2): ResidualDenseBlock(
        (conv1): Conv2d(64, 32, kernel_size=(3, 3), stride=(1, 1), padding=(1, 1))
        (conv2): Conv2d(96, 32, kernel_size=(3, 3), stride=(1, 1), padding=(1, 1))
        (conv3): Conv2d(128, 32, kernel_size=(3, 3), stride=(1, 1), padding=(1, 1))
        (conv4): Conv2d(160, 32, kernel_size=(3, 3), stride=(1, 1), padding=(1, 1))
        (conv5): Conv2d(192, 64, kernel_size=(3, 3), stride=(1, 1), padding=(1, 1))
        (lrelu): LeakyReLU(negative_slope=0.2, inplace=True)
      )
      (rdb3): ResidualDenseBlock(
        (conv1): Conv2d(64, 32, kernel_size=(3, 3), stride=(1, 1), padding=(1, 1))
        (conv2): Conv2d(96, 32, kernel_size=(3, 3), stride=(1, 1), padding=(1, 1))
        (conv3): Conv2d(128, 32, kernel_size=(3, 3), stride=(1, 1), padding=(1, 1))
        (conv4): Conv2d(160, 32, kernel_size=(3, 3), stride=(1, 1), padding=(1, 1))
        (conv5): Conv2d(192, 64, kernel_size=(3, 3), stride=(1, 1), padding=(1, 1))
        (lrelu): LeakyReLU(negative_slope=0.2, inplace=True)
      )
    )
    (6): RRDB(
      (rdb1): ResidualDenseBlock(
        (conv1): Conv2d(64, 32, kernel_size=(3, 3), stride=(1, 1), padding=(1, 1))
        (conv2): Conv2d(96, 32, kernel_size=(3, 3), stride=(1, 1), padding=(1, 1))
        (conv3): Conv2d(128, 32, kernel_size=(3, 3), stride=(1, 1), padding=(1, 1))
        (conv4): Conv2d(160, 32, kernel_size=(3, 3), stride=(1, 1), padding=(1, 1))
        (conv5): Conv2d(192, 64, kernel_size=(3, 3), stride=(1, 1), padding=(1, 1))
        (lrelu): LeakyReLU(negative_slope=0.2, inplace=True)
      )
      (rdb2): ResidualDenseBlock(
        (conv1): Conv2d(64, 32, kernel_size=(3, 3), stride=(1, 1), padding=(1, 1))
        (conv2): Conv2d(96, 32, kernel_size=(3, 3), stride=(1, 1), padding=(1, 1))
        (conv3): Conv2d(128, 32, kernel_size=(3, 3), stride=(1, 1), padding=(1, 1))
        (conv4): Conv2d(160, 32, kernel_size=(3, 3), stride=(1, 1), padding=(1, 1))
        (conv5): Conv2d(192, 64, kernel_size=(3, 3), stride=(1, 1), padding=(1, 1))
        (lrelu): LeakyReLU(negative_slope=0.2, inplace=True)
      )
      (rdb3): ResidualDenseBlock(
        (conv1): Conv2d(64, 32, kernel_size=(3, 3), stride=(1, 1), padding=(1, 1))
        (conv2): Conv2d(96, 32, kernel_size=(3, 3), stride=(1, 1), padding=(1, 1))
        (conv3): Conv2d(128, 32, kernel_size=(3, 3), stride=(1, 1), padding=(1, 1))
        (conv4): Conv2d(160, 32, kernel_size=(3, 3), stride=(1, 1), padding=(1, 1))
        (conv5): Conv2d(192, 64, kernel_size=(3, 3), stride=(1, 1), padding=(1, 1))
        (lrelu): LeakyReLU(negative_slope=0.2, inplace=True)
      )
    )
    (7): RRDB(
      (rdb1): ResidualDenseBlock(
        (conv1): Conv2d(64, 32, kernel_size=(3, 3), stride=(1, 1), padding=(1, 1))
        (conv2): Conv2d(96, 32, kernel_size=(3, 3), stride=(1, 1), padding=(1, 1))
        (conv3): Conv2d(128, 32, kernel_size=(3, 3), stride=(1, 1), padding=(1, 1))
        (conv4): Conv2d(160, 32, kernel_size=(3, 3), stride=(1, 1), padding=(1, 1))
        (conv5): Conv2d(192, 64, kernel_size=(3, 3), stride=(1, 1), padding=(1, 1))
        (lrelu): LeakyReLU(negative_slope=0.2, inplace=True)
      )
      (rdb2): ResidualDenseBlock(
        (conv1): Conv2d(64, 32, kernel_size=(3, 3), stride=(1, 1), padding=(1, 1))
        (conv2): Conv2d(96, 32, kernel_size=(3, 3), stride=(1, 1), padding=(1, 1))
        (conv3): Conv2d(128, 32, kernel_size=(3, 3), stride=(1, 1), padding=(1, 1))
        (conv4): Conv2d(160, 32, kernel_size=(3, 3), stride=(1, 1), padding=(1, 1))
        (conv5): Conv2d(192, 64, kernel_size=(3, 3), stride=(1, 1), padding=(1, 1))
        (lrelu): LeakyReLU(negative_slope=0.2, inplace=True)
      )
      (rdb3): ResidualDenseBlock(
        (conv1): Conv2d(64, 32, kernel_size=(3, 3), stride=(1, 1), padding=(1, 1))
        (conv2): Conv2d(96, 32, kernel_size=(3, 3), stride=(1, 1), padding=(1, 1))
        (conv3): Conv2d(128, 32, kernel_size=(3, 3), stride=(1, 1), padding=(1, 1))
        (conv4): Conv2d(160, 32, kernel_size=(3, 3), stride=(1, 1), padding=(1, 1))
        (conv5): Conv2d(192, 64, kernel_size=(3, 3), stride=(1, 1), padding=(1, 1))
        (lrelu): LeakyReLU(negative_slope=0.2, inplace=True)
      )
    )
    (8): RRDB(
      (rdb1): ResidualDenseBlock(
        (conv1): Conv2d(64, 32, kernel_size=(3, 3), stride=(1, 1), padding=(1, 1))
        (conv2): Conv2d(96, 32, kernel_size=(3, 3), stride=(1, 1), padding=(1, 1))
        (conv3): Conv2d(128, 32, kernel_size=(3, 3), stride=(1, 1), padding=(1, 1))
        (conv4): Conv2d(160, 32, kernel_size=(3, 3), stride=(1, 1), padding=(1, 1))
        (conv5): Conv2d(192, 64, kernel_size=(3, 3), stride=(1, 1), padding=(1, 1))
        (lrelu): LeakyReLU(negative_slope=0.2, inplace=True)
      )
      (rdb2): ResidualDenseBlock(
        (conv1): Conv2d(64, 32, kernel_size=(3, 3), stride=(1, 1), padding=(1, 1))
        (conv2): Conv2d(96, 32, kernel_size=(3, 3), stride=(1, 1), padding=(1, 1))
        (conv3): Conv2d(128, 32, kernel_size=(3, 3), stride=(1, 1), padding=(1, 1))
        (conv4): Conv2d(160, 32, kernel_size=(3, 3), stride=(1, 1), padding=(1, 1))
        (conv5): Conv2d(192, 64, kernel_size=(3, 3), stride=(1, 1), padding=(1, 1))
        (lrelu): LeakyReLU(negative_slope=0.2, inplace=True)
      )
      (rdb3): ResidualDenseBlock(
        (conv1): Conv2d(64, 32, kernel_size=(3, 3), stride=(1, 1), padding=(1, 1))
        (conv2): Conv2d(96, 32, kernel_size=(3, 3), stride=(1, 1), padding=(1, 1))
        (conv3): Conv2d(128, 32, kernel_size=(3, 3), stride=(1, 1), padding=(1, 1))
        (conv4): Conv2d(160, 32, kernel_size=(3, 3), stride=(1, 1), padding=(1, 1))
        (conv5): Conv2d(192, 64, kernel_size=(3, 3), stride=(1, 1), padding=(1, 1))
        (lrelu): LeakyReLU(negative_slope=0.2, inplace=True)
      )
    )
    (9): RRDB(
      (rdb1): ResidualDenseBlock(
        (conv1): Conv2d(64, 32, kernel_size=(3, 3), stride=(1, 1), padding=(1, 1))
        (conv2): Conv2d(96, 32, kernel_size=(3, 3), stride=(1, 1), padding=(1, 1))
        (conv3): Conv2d(128, 32, kernel_size=(3, 3), stride=(1, 1), padding=(1, 1))
        (conv4): Conv2d(160, 32, kernel_size=(3, 3), stride=(1, 1), padding=(1, 1))
        (conv5): Conv2d(192, 64, kernel_size=(3, 3), stride=(1, 1), padding=(1, 1))
        (lrelu): LeakyReLU(negative_slope=0.2, inplace=True)
      )
      (rdb2): ResidualDenseBlock(
        (conv1): Conv2d(64, 32, kernel_size=(3, 3), stride=(1, 1), padding=(1, 1))
        (conv2): Conv2d(96, 32, kernel_size=(3, 3), stride=(1, 1), padding=(1, 1))
        (conv3): Conv2d(128, 32, kernel_size=(3, 3), stride=(1, 1), padding=(1, 1))
        (conv4): Conv2d(160, 32, kernel_size=(3, 3), stride=(1, 1), padding=(1, 1))
        (conv5): Conv2d(192, 64, kernel_size=(3, 3), stride=(1, 1), padding=(1, 1))
        (lrelu): LeakyReLU(negative_slope=0.2, inplace=True)
      )
      (rdb3): ResidualDenseBlock(
        (conv1): Conv2d(64, 32, kernel_size=(3, 3), stride=(1, 1), padding=(1, 1))
        (conv2): Conv2d(96, 32, kernel_size=(3, 3), stride=(1, 1), padding=(1, 1))
        (conv3): Conv2d(128, 32, kernel_size=(3, 3), stride=(1, 1), padding=(1, 1))
        (conv4): Conv2d(160, 32, kernel_size=(3, 3), stride=(1, 1), padding=(1, 1))
        (conv5): Conv2d(192, 64, kernel_size=(3, 3), stride=(1, 1), padding=(1, 1))
        (lrelu): LeakyReLU(negative_slope=0.2, inplace=True)
      )
    )
    (10): RRDB(
      (rdb1): ResidualDenseBlock(
        (conv1): Conv2d(64, 32, kernel_size=(3, 3), stride=(1, 1), padding=(1, 1))
        (conv2): Conv2d(96, 32, kernel_size=(3, 3), stride=(1, 1), padding=(1, 1))
        (conv3): Conv2d(128, 32, kernel_size=(3, 3), stride=(1, 1), padding=(1, 1))
        (conv4): Conv2d(160, 32, kernel_size=(3, 3), stride=(1, 1), padding=(1, 1))
        (conv5): Conv2d(192, 64, kernel_size=(3, 3), stride=(1, 1), padding=(1, 1))
        (lrelu): LeakyReLU(negative_slope=0.2, inplace=True)
      )
      (rdb2): ResidualDenseBlock(
        (conv1): Conv2d(64, 32, kernel_size=(3, 3), stride=(1, 1), padding=(1, 1))
        (conv2): Conv2d(96, 32, kernel_size=(3, 3), stride=(1, 1), padding=(1, 1))
        (conv3): Conv2d(128, 32, kernel_size=(3, 3), stride=(1, 1), padding=(1, 1))
        (conv4): Conv2d(160, 32, kernel_size=(3, 3), stride=(1, 1), padding=(1, 1))
        (conv5): Conv2d(192, 64, kernel_size=(3, 3), stride=(1, 1), padding=(1, 1))
        (lrelu): LeakyReLU(negative_slope=0.2, inplace=True)
      )
      (rdb3): ResidualDenseBlock(
        (conv1): Conv2d(64, 32, kernel_size=(3, 3), stride=(1, 1), padding=(1, 1))
        (conv2): Conv2d(96, 32, kernel_size=(3, 3), stride=(1, 1), padding=(1, 1))
        (conv3): Conv2d(128, 32, kernel_size=(3, 3), stride=(1, 1), padding=(1, 1))
        (conv4): Conv2d(160, 32, kernel_size=(3, 3), stride=(1, 1), padding=(1, 1))
        (conv5): Conv2d(192, 64, kernel_size=(3, 3), stride=(1, 1), padding=(1, 1))
        (lrelu): LeakyReLU(negative_slope=0.2, inplace=True)
      )
    )
    (11): RRDB(
      (rdb1): ResidualDenseBlock(
        (conv1): Conv2d(64, 32, kernel_size=(3, 3), stride=(1, 1), padding=(1, 1))
        (conv2): Conv2d(96, 32, kernel_size=(3, 3), stride=(1, 1), padding=(1, 1))
        (conv3): Conv2d(128, 32, kernel_size=(3, 3), stride=(1, 1), padding=(1, 1))
        (conv4): Conv2d(160, 32, kernel_size=(3, 3), stride=(1, 1), padding=(1, 1))
        (conv5): Conv2d(192, 64, kernel_size=(3, 3), stride=(1, 1), padding=(1, 1))
        (lrelu): LeakyReLU(negative_slope=0.2, inplace=True)
      )
      (rdb2): ResidualDenseBlock(
        (conv1): Conv2d(64, 32, kernel_size=(3, 3), stride=(1, 1), padding=(1, 1))
        (conv2): Conv2d(96, 32, kernel_size=(3, 3), stride=(1, 1), padding=(1, 1))
        (conv3): Conv2d(128, 32, kernel_size=(3, 3), stride=(1, 1), padding=(1, 1))
        (conv4): Conv2d(160, 32, kernel_size=(3, 3), stride=(1, 1), padding=(1, 1))
        (conv5): Conv2d(192, 64, kernel_size=(3, 3), stride=(1, 1), padding=(1, 1))
        (lrelu): LeakyReLU(negative_slope=0.2, inplace=True)
      )
      (rdb3): ResidualDenseBlock(
        (conv1): Conv2d(64, 32, kernel_size=(3, 3), stride=(1, 1), padding=(1, 1))
        (conv2): Conv2d(96, 32, kernel_size=(3, 3), stride=(1, 1), padding=(1, 1))
        (conv3): Conv2d(128, 32, kernel_size=(3, 3), stride=(1, 1), padding=(1, 1))
        (conv4): Conv2d(160, 32, kernel_size=(3, 3), stride=(1, 1), padding=(1, 1))
        (conv5): Conv2d(192, 64, kernel_size=(3, 3), stride=(1, 1), padding=(1, 1))
        (lrelu): LeakyReLU(negative_slope=0.2, inplace=True)
      )
    )
    (12): RRDB(
      (rdb1): ResidualDenseBlock(
        (conv1): Conv2d(64, 32, kernel_size=(3, 3), stride=(1, 1), padding=(1, 1))
        (conv2): Conv2d(96, 32, kernel_size=(3, 3), stride=(1, 1), padding=(1, 1))
        (conv3): Conv2d(128, 32, kernel_size=(3, 3), stride=(1, 1), padding=(1, 1))
        (conv4): Conv2d(160, 32, kernel_size=(3, 3), stride=(1, 1), padding=(1, 1))
        (conv5): Conv2d(192, 64, kernel_size=(3, 3), stride=(1, 1), padding=(1, 1))
        (lrelu): LeakyReLU(negative_slope=0.2, inplace=True)
      )
      (rdb2): ResidualDenseBlock(
        (conv1): Conv2d(64, 32, kernel_size=(3, 3), stride=(1, 1), padding=(1, 1))
        (conv2): Conv2d(96, 32, kernel_size=(3, 3), stride=(1, 1), padding=(1, 1))
        (conv3): Conv2d(128, 32, kernel_size=(3, 3), stride=(1, 1), padding=(1, 1))
        (conv4): Conv2d(160, 32, kernel_size=(3, 3), stride=(1, 1), padding=(1, 1))
        (conv5): Conv2d(192, 64, kernel_size=(3, 3), stride=(1, 1), padding=(1, 1))
        (lrelu): LeakyReLU(negative_slope=0.2, inplace=True)
      )
      (rdb3): ResidualDenseBlock(
        (conv1): Conv2d(64, 32, kernel_size=(3, 3), stride=(1, 1), padding=(1, 1))
        (conv2): Conv2d(96, 32, kernel_size=(3, 3), stride=(1, 1), padding=(1, 1))
        (conv3): Conv2d(128, 32, kernel_size=(3, 3), stride=(1, 1), padding=(1, 1))
        (conv4): Conv2d(160, 32, kernel_size=(3, 3), stride=(1, 1), padding=(1, 1))
        (conv5): Conv2d(192, 64, kernel_size=(3, 3), stride=(1, 1), padding=(1, 1))
        (lrelu): LeakyReLU(negative_slope=0.2, inplace=True)
      )
    )
    (13): RRDB(
      (rdb1): ResidualDenseBlock(
        (conv1): Conv2d(64, 32, kernel_size=(3, 3), stride=(1, 1), padding=(1, 1))
        (conv2): Conv2d(96, 32, kernel_size=(3, 3), stride=(1, 1), padding=(1, 1))
        (conv3): Conv2d(128, 32, kernel_size=(3, 3), stride=(1, 1), padding=(1, 1))
        (conv4): Conv2d(160, 32, kernel_size=(3, 3), stride=(1, 1), padding=(1, 1))
        (conv5): Conv2d(192, 64, kernel_size=(3, 3), stride=(1, 1), padding=(1, 1))
        (lrelu): LeakyReLU(negative_slope=0.2, inplace=True)
      )
      (rdb2): ResidualDenseBlock(
        (conv1): Conv2d(64, 32, kernel_size=(3, 3), stride=(1, 1), padding=(1, 1))
        (conv2): Conv2d(96, 32, kernel_size=(3, 3), stride=(1, 1), padding=(1, 1))
        (conv3): Conv2d(128, 32, kernel_size=(3, 3), stride=(1, 1), padding=(1, 1))
        (conv4): Conv2d(160, 32, kernel_size=(3, 3), stride=(1, 1), padding=(1, 1))
        (conv5): Conv2d(192, 64, kernel_size=(3, 3), stride=(1, 1), padding=(1, 1))
        (lrelu): LeakyReLU(negative_slope=0.2, inplace=True)
      )
      (rdb3): ResidualDenseBlock(
        (conv1): Conv2d(64, 32, kernel_size=(3, 3), stride=(1, 1), padding=(1, 1))
        (conv2): Conv2d(96, 32, kernel_size=(3, 3), stride=(1, 1), padding=(1, 1))
        (conv3): Conv2d(128, 32, kernel_size=(3, 3), stride=(1, 1), padding=(1, 1))
        (conv4): Conv2d(160, 32, kernel_size=(3, 3), stride=(1, 1), padding=(1, 1))
        (conv5): Conv2d(192, 64, kernel_size=(3, 3), stride=(1, 1), padding=(1, 1))
        (lrelu): LeakyReLU(negative_slope=0.2, inplace=True)
      )
    )
    (14): RRDB(
      (rdb1): ResidualDenseBlock(
        (conv1): Conv2d(64, 32, kernel_size=(3, 3), stride=(1, 1), padding=(1, 1))
        (conv2): Conv2d(96, 32, kernel_size=(3, 3), stride=(1, 1), padding=(1, 1))
        (conv3): Conv2d(128, 32, kernel_size=(3, 3), stride=(1, 1), padding=(1, 1))
        (conv4): Conv2d(160, 32, kernel_size=(3, 3), stride=(1, 1), padding=(1, 1))
        (conv5): Conv2d(192, 64, kernel_size=(3, 3), stride=(1, 1), padding=(1, 1))
        (lrelu): LeakyReLU(negative_slope=0.2, inplace=True)
      )
      (rdb2): ResidualDenseBlock(
        (conv1): Conv2d(64, 32, kernel_size=(3, 3), stride=(1, 1), padding=(1, 1))
        (conv2): Conv2d(96, 32, kernel_size=(3, 3), stride=(1, 1), padding=(1, 1))
        (conv3): Conv2d(128, 32, kernel_size=(3, 3), stride=(1, 1), padding=(1, 1))
        (conv4): Conv2d(160, 32, kernel_size=(3, 3), stride=(1, 1), padding=(1, 1))
        (conv5): Conv2d(192, 64, kernel_size=(3, 3), stride=(1, 1), padding=(1, 1))
        (lrelu): LeakyReLU(negative_slope=0.2, inplace=True)
      )
      (rdb3): ResidualDenseBlock(
        (conv1): Conv2d(64, 32, kernel_size=(3, 3), stride=(1, 1), padding=(1, 1))
        (conv2): Conv2d(96, 32, kernel_size=(3, 3), stride=(1, 1), padding=(1, 1))
        (conv3): Conv2d(128, 32, kernel_size=(3, 3), stride=(1, 1), padding=(1, 1))
        (conv4): Conv2d(160, 32, kernel_size=(3, 3), stride=(1, 1), padding=(1, 1))
        (conv5): Conv2d(192, 64, kernel_size=(3, 3), stride=(1, 1), padding=(1, 1))
        (lrelu): LeakyReLU(negative_slope=0.2, inplace=True)
      )
    )
    (15): RRDB(
      (rdb1): ResidualDenseBlock(
        (conv1): Conv2d(64, 32, kernel_size=(3, 3), stride=(1, 1), padding=(1, 1))
        (conv2): Conv2d(96, 32, kernel_size=(3, 3), stride=(1, 1), padding=(1, 1))
        (conv3): Conv2d(128, 32, kernel_size=(3, 3), stride=(1, 1), padding=(1, 1))
        (conv4): Conv2d(160, 32, kernel_size=(3, 3), stride=(1, 1), padding=(1, 1))
        (conv5): Conv2d(192, 64, kernel_size=(3, 3), stride=(1, 1), padding=(1, 1))
        (lrelu): LeakyReLU(negative_slope=0.2, inplace=True)
      )
      (rdb2): ResidualDenseBlock(
        (conv1): Conv2d(64, 32, kernel_size=(3, 3), stride=(1, 1), padding=(1, 1))
        (conv2): Conv2d(96, 32, kernel_size=(3, 3), stride=(1, 1), padding=(1, 1))
        (conv3): Conv2d(128, 32, kernel_size=(3, 3), stride=(1, 1), padding=(1, 1))
        (conv4): Conv2d(160, 32, kernel_size=(3, 3), stride=(1, 1), padding=(1, 1))
        (conv5): Conv2d(192, 64, kernel_size=(3, 3), stride=(1, 1), padding=(1, 1))
        (lrelu): LeakyReLU(negative_slope=0.2, inplace=True)
      )
      (rdb3): ResidualDenseBlock(
        (conv1): Conv2d(64, 32, kernel_size=(3, 3), stride=(1, 1), padding=(1, 1))
        (conv2): Conv2d(96, 32, kernel_size=(3, 3), stride=(1, 1), padding=(1, 1))
        (conv3): Conv2d(128, 32, kernel_size=(3, 3), stride=(1, 1), padding=(1, 1))
        (conv4): Conv2d(160, 32, kernel_size=(3, 3), stride=(1, 1), padding=(1, 1))
        (conv5): Conv2d(192, 64, kernel_size=(3, 3), stride=(1, 1), padding=(1, 1))
        (lrelu): LeakyReLU(negative_slope=0.2, inplace=True)
      )
    )
    (16): RRDB(
      (rdb1): ResidualDenseBlock(
        (conv1): Conv2d(64, 32, kernel_size=(3, 3), stride=(1, 1), padding=(1, 1))
        (conv2): Conv2d(96, 32, kernel_size=(3, 3), stride=(1, 1), padding=(1, 1))
        (conv3): Conv2d(128, 32, kernel_size=(3, 3), stride=(1, 1), padding=(1, 1))
        (conv4): Conv2d(160, 32, kernel_size=(3, 3), stride=(1, 1), padding=(1, 1))
        (conv5): Conv2d(192, 64, kernel_size=(3, 3), stride=(1, 1), padding=(1, 1))
        (lrelu): LeakyReLU(negative_slope=0.2, inplace=True)
      )
      (rdb2): ResidualDenseBlock(
        (conv1): Conv2d(64, 32, kernel_size=(3, 3), stride=(1, 1), padding=(1, 1))
        (conv2): Conv2d(96, 32, kernel_size=(3, 3), stride=(1, 1), padding=(1, 1))
        (conv3): Conv2d(128, 32, kernel_size=(3, 3), stride=(1, 1), padding=(1, 1))
        (conv4): Conv2d(160, 32, kernel_size=(3, 3), stride=(1, 1), padding=(1, 1))
        (conv5): Conv2d(192, 64, kernel_size=(3, 3), stride=(1, 1), padding=(1, 1))
        (lrelu): LeakyReLU(negative_slope=0.2, inplace=True)
      )
      (rdb3): ResidualDenseBlock(
        (conv1): Conv2d(64, 32, kernel_size=(3, 3), stride=(1, 1), padding=(1, 1))
        (conv2): Conv2d(96, 32, kernel_size=(3, 3), stride=(1, 1), padding=(1, 1))
        (conv3): Conv2d(128, 32, kernel_size=(3, 3), stride=(1, 1), padding=(1, 1))
        (conv4): Conv2d(160, 32, kernel_size=(3, 3), stride=(1, 1), padding=(1, 1))
        (conv5): Conv2d(192, 64, kernel_size=(3, 3), stride=(1, 1), padding=(1, 1))
        (lrelu): LeakyReLU(negative_slope=0.2, inplace=True)
      )
    )
    (17): RRDB(
      (rdb1): ResidualDenseBlock(
        (conv1): Conv2d(64, 32, kernel_size=(3, 3), stride=(1, 1), padding=(1, 1))
        (conv2): Conv2d(96, 32, kernel_size=(3, 3), stride=(1, 1), padding=(1, 1))
        (conv3): Conv2d(128, 32, kernel_size=(3, 3), stride=(1, 1), padding=(1, 1))
        (conv4): Conv2d(160, 32, kernel_size=(3, 3), stride=(1, 1), padding=(1, 1))
        (conv5): Conv2d(192, 64, kernel_size=(3, 3), stride=(1, 1), padding=(1, 1))
        (lrelu): LeakyReLU(negative_slope=0.2, inplace=True)
      )
      (rdb2): ResidualDenseBlock(
        (conv1): Conv2d(64, 32, kernel_size=(3, 3), stride=(1, 1), padding=(1, 1))
        (conv2): Conv2d(96, 32, kernel_size=(3, 3), stride=(1, 1), padding=(1, 1))
        (conv3): Conv2d(128, 32, kernel_size=(3, 3), stride=(1, 1), padding=(1, 1))
        (conv4): Conv2d(160, 32, kernel_size=(3, 3), stride=(1, 1), padding=(1, 1))
        (conv5): Conv2d(192, 64, kernel_size=(3, 3), stride=(1, 1), padding=(1, 1))
        (lrelu): LeakyReLU(negative_slope=0.2, inplace=True)
      )
      (rdb3): ResidualDenseBlock(
        (conv1): Conv2d(64, 32, kernel_size=(3, 3), stride=(1, 1), padding=(1, 1))
        (conv2): Conv2d(96, 32, kernel_size=(3, 3), stride=(1, 1), padding=(1, 1))
        (conv3): Conv2d(128, 32, kernel_size=(3, 3), stride=(1, 1), padding=(1, 1))
        (conv4): Conv2d(160, 32, kernel_size=(3, 3), stride=(1, 1), padding=(1, 1))
        (conv5): Conv2d(192, 64, kernel_size=(3, 3), stride=(1, 1), padding=(1, 1))
        (lrelu): LeakyReLU(negative_slope=0.2, inplace=True)
      )
    )
    (18): RRDB(
      (rdb1): ResidualDenseBlock(
        (conv1): Conv2d(64, 32, kernel_size=(3, 3), stride=(1, 1), padding=(1, 1))
        (conv2): Conv2d(96, 32, kernel_size=(3, 3), stride=(1, 1), padding=(1, 1))
        (conv3): Conv2d(128, 32, kernel_size=(3, 3), stride=(1, 1), padding=(1, 1))
        (conv4): Conv2d(160, 32, kernel_size=(3, 3), stride=(1, 1), padding=(1, 1))
        (conv5): Conv2d(192, 64, kernel_size=(3, 3), stride=(1, 1), padding=(1, 1))
        (lrelu): LeakyReLU(negative_slope=0.2, inplace=True)
      )
      (rdb2): ResidualDenseBlock(
        (conv1): Conv2d(64, 32, kernel_size=(3, 3), stride=(1, 1), padding=(1, 1))
        (conv2): Conv2d(96, 32, kernel_size=(3, 3), stride=(1, 1), padding=(1, 1))
        (conv3): Conv2d(128, 32, kernel_size=(3, 3), stride=(1, 1), padding=(1, 1))
        (conv4): Conv2d(160, 32, kernel_size=(3, 3), stride=(1, 1), padding=(1, 1))
        (conv5): Conv2d(192, 64, kernel_size=(3, 3), stride=(1, 1), padding=(1, 1))
        (lrelu): LeakyReLU(negative_slope=0.2, inplace=True)
      )
      (rdb3): ResidualDenseBlock(
        (conv1): Conv2d(64, 32, kernel_size=(3, 3), stride=(1, 1), padding=(1, 1))
        (conv2): Conv2d(96, 32, kernel_size=(3, 3), stride=(1, 1), padding=(1, 1))
        (conv3): Conv2d(128, 32, kernel_size=(3, 3), stride=(1, 1), padding=(1, 1))
        (conv4): Conv2d(160, 32, kernel_size=(3, 3), stride=(1, 1), padding=(1, 1))
        (conv5): Conv2d(192, 64, kernel_size=(3, 3), stride=(1, 1), padding=(1, 1))
        (lrelu): LeakyReLU(negative_slope=0.2, inplace=True)
      )
    )
    (19): RRDB(
      (rdb1): ResidualDenseBlock(
        (conv1): Conv2d(64, 32, kernel_size=(3, 3), stride=(1, 1), padding=(1, 1))
        (conv2): Conv2d(96, 32, kernel_size=(3, 3), stride=(1, 1), padding=(1, 1))
        (conv3): Conv2d(128, 32, kernel_size=(3, 3), stride=(1, 1), padding=(1, 1))
        (conv4): Conv2d(160, 32, kernel_size=(3, 3), stride=(1, 1), padding=(1, 1))
        (conv5): Conv2d(192, 64, kernel_size=(3, 3), stride=(1, 1), padding=(1, 1))
        (lrelu): LeakyReLU(negative_slope=0.2, inplace=True)
      )
      (rdb2): ResidualDenseBlock(
        (conv1): Conv2d(64, 32, kernel_size=(3, 3), stride=(1, 1), padding=(1, 1))
        (conv2): Conv2d(96, 32, kernel_size=(3, 3), stride=(1, 1), padding=(1, 1))
        (conv3): Conv2d(128, 32, kernel_size=(3, 3), stride=(1, 1), padding=(1, 1))
        (conv4): Conv2d(160, 32, kernel_size=(3, 3), stride=(1, 1), padding=(1, 1))
        (conv5): Conv2d(192, 64, kernel_size=(3, 3), stride=(1, 1), padding=(1, 1))
        (lrelu): LeakyReLU(negative_slope=0.2, inplace=True)
      )
      (rdb3): ResidualDenseBlock(
        (conv1): Conv2d(64, 32, kernel_size=(3, 3), stride=(1, 1), padding=(1, 1))
        (conv2): Conv2d(96, 32, kernel_size=(3, 3), stride=(1, 1), padding=(1, 1))
        (conv3): Conv2d(128, 32, kernel_size=(3, 3), stride=(1, 1), padding=(1, 1))
        (conv4): Conv2d(160, 32, kernel_size=(3, 3), stride=(1, 1), padding=(1, 1))
        (conv5): Conv2d(192, 64, kernel_size=(3, 3), stride=(1, 1), padding=(1, 1))
        (lrelu): LeakyReLU(negative_slope=0.2, inplace=True)
      )
    )
    (20): RRDB(
      (rdb1): ResidualDenseBlock(
        (conv1): Conv2d(64, 32, kernel_size=(3, 3), stride=(1, 1), padding=(1, 1))
        (conv2): Conv2d(96, 32, kernel_size=(3, 3), stride=(1, 1), padding=(1, 1))
        (conv3): Conv2d(128, 32, kernel_size=(3, 3), stride=(1, 1), padding=(1, 1))
        (conv4): Conv2d(160, 32, kernel_size=(3, 3), stride=(1, 1), padding=(1, 1))
        (conv5): Conv2d(192, 64, kernel_size=(3, 3), stride=(1, 1), padding=(1, 1))
        (lrelu): LeakyReLU(negative_slope=0.2, inplace=True)
      )
      (rdb2): ResidualDenseBlock(
        (conv1): Conv2d(64, 32, kernel_size=(3, 3), stride=(1, 1), padding=(1, 1))
        (conv2): Conv2d(96, 32, kernel_size=(3, 3), stride=(1, 1), padding=(1, 1))
        (conv3): Conv2d(128, 32, kernel_size=(3, 3), stride=(1, 1), padding=(1, 1))
        (conv4): Conv2d(160, 32, kernel_size=(3, 3), stride=(1, 1), padding=(1, 1))
        (conv5): Conv2d(192, 64, kernel_size=(3, 3), stride=(1, 1), padding=(1, 1))
        (lrelu): LeakyReLU(negative_slope=0.2, inplace=True)
      )
      (rdb3): ResidualDenseBlock(
        (conv1): Conv2d(64, 32, kernel_size=(3, 3), stride=(1, 1), padding=(1, 1))
        (conv2): Conv2d(96, 32, kernel_size=(3, 3), stride=(1, 1), padding=(1, 1))
        (conv3): Conv2d(128, 32, kernel_size=(3, 3), stride=(1, 1), padding=(1, 1))
        (conv4): Conv2d(160, 32, kernel_size=(3, 3), stride=(1, 1), padding=(1, 1))
        (conv5): Conv2d(192, 64, kernel_size=(3, 3), stride=(1, 1), padding=(1, 1))
        (lrelu): LeakyReLU(negative_slope=0.2, inplace=True)
      )
    )
    (21): RRDB(
      (rdb1): ResidualDenseBlock(
        (conv1): Conv2d(64, 32, kernel_size=(3, 3), stride=(1, 1), padding=(1, 1))
        (conv2): Conv2d(96, 32, kernel_size=(3, 3), stride=(1, 1), padding=(1, 1))
        (conv3): Conv2d(128, 32, kernel_size=(3, 3), stride=(1, 1), padding=(1, 1))
        (conv4): Conv2d(160, 32, kernel_size=(3, 3), stride=(1, 1), padding=(1, 1))
        (conv5): Conv2d(192, 64, kernel_size=(3, 3), stride=(1, 1), padding=(1, 1))
        (lrelu): LeakyReLU(negative_slope=0.2, inplace=True)
      )
      (rdb2): ResidualDenseBlock(
        (conv1): Conv2d(64, 32, kernel_size=(3, 3), stride=(1, 1), padding=(1, 1))
        (conv2): Conv2d(96, 32, kernel_size=(3, 3), stride=(1, 1), padding=(1, 1))
        (conv3): Conv2d(128, 32, kernel_size=(3, 3), stride=(1, 1), padding=(1, 1))
        (conv4): Conv2d(160, 32, kernel_size=(3, 3), stride=(1, 1), padding=(1, 1))
        (conv5): Conv2d(192, 64, kernel_size=(3, 3), stride=(1, 1), padding=(1, 1))
        (lrelu): LeakyReLU(negative_slope=0.2, inplace=True)
      )
      (rdb3): ResidualDenseBlock(
        (conv1): Conv2d(64, 32, kernel_size=(3, 3), stride=(1, 1), padding=(1, 1))
        (conv2): Conv2d(96, 32, kernel_size=(3, 3), stride=(1, 1), padding=(1, 1))
        (conv3): Conv2d(128, 32, kernel_size=(3, 3), stride=(1, 1), padding=(1, 1))
        (conv4): Conv2d(160, 32, kernel_size=(3, 3), stride=(1, 1), padding=(1, 1))
        (conv5): Conv2d(192, 64, kernel_size=(3, 3), stride=(1, 1), padding=(1, 1))
        (lrelu): LeakyReLU(negative_slope=0.2, inplace=True)
      )
    )
    (22): RRDB(
      (rdb1): ResidualDenseBlock(
        (conv1): Conv2d(64, 32, kernel_size=(3, 3), stride=(1, 1), padding=(1, 1))
        (conv2): Conv2d(96, 32, kernel_size=(3, 3), stride=(1, 1), padding=(1, 1))
        (conv3): Conv2d(128, 32, kernel_size=(3, 3), stride=(1, 1), padding=(1, 1))
        (conv4): Conv2d(160, 32, kernel_size=(3, 3), stride=(1, 1), padding=(1, 1))
        (conv5): Conv2d(192, 64, kernel_size=(3, 3), stride=(1, 1), padding=(1, 1))
        (lrelu): LeakyReLU(negative_slope=0.2, inplace=True)
      )
      (rdb2): ResidualDenseBlock(
        (conv1): Conv2d(64, 32, kernel_size=(3, 3), stride=(1, 1), padding=(1, 1))
        (conv2): Conv2d(96, 32, kernel_size=(3, 3), stride=(1, 1), padding=(1, 1))
        (conv3): Conv2d(128, 32, kernel_size=(3, 3), stride=(1, 1), padding=(1, 1))
        (conv4): Conv2d(160, 32, kernel_size=(3, 3), stride=(1, 1), padding=(1, 1))
        (conv5): Conv2d(192, 64, kernel_size=(3, 3), stride=(1, 1), padding=(1, 1))
        (lrelu): LeakyReLU(negative_slope=0.2, inplace=True)
      )
      (rdb3): ResidualDenseBlock(
        (conv1): Conv2d(64, 32, kernel_size=(3, 3), stride=(1, 1), padding=(1, 1))
        (conv2): Conv2d(96, 32, kernel_size=(3, 3), stride=(1, 1), padding=(1, 1))
        (conv3): Conv2d(128, 32, kernel_size=(3, 3), stride=(1, 1), padding=(1, 1))
        (conv4): Conv2d(160, 32, kernel_size=(3, 3), stride=(1, 1), padding=(1, 1))
        (conv5): Conv2d(192, 64, kernel_size=(3, 3), stride=(1, 1), padding=(1, 1))
        (lrelu): LeakyReLU(negative_slope=0.2, inplace=True)
      )
    )
  )
  (conv_body): Conv2d(64, 64, kernel_size=(3, 3), stride=(1, 1), padding=(1, 1))
  (conv_up1): Conv2d(64, 64, kernel_size=(3, 3), stride=(1, 1), padding=(1, 1))
  (conv_up2): Conv2d(64, 64, kernel_size=(3, 3), stride=(1, 1), padding=(1, 1))
  (conv_hr): Conv2d(64, 64, kernel_size=(3, 3), stride=(1, 1), padding=(1, 1))
  (conv_last): Conv2d(64, 3, kernel_size=(3, 3), stride=(1, 1), padding=(1, 1))
  (lrelu): LeakyReLU(negative_slope=0.2, inplace=True)
)
2025-11-05 13:18:18,931 INFO: Loading: params_ema does not exist, use params.
2025-11-05 13:18:18,932 INFO: Loading RRDBNet model from /content/drive/MyDrive/RealESRGAN_Experiments/FaceESRGAN_finetune_10k_v2/models/net_g_9000.pth, with param key: [params].
2025-11-05 13:18:19,075 INFO: Network [UNetDiscriminatorSN] is created.
2025-11-05 13:18:19,079 INFO: Network: UNetDiscriminatorSN, with parameters: 2,462,449
2025-11-05 13:18:19,080 INFO: UNetDiscriminatorSN(
  (conv0): Conv2d(3, 48, kernel_size=(3, 3), stride=(1, 1), padding=(1, 1))
  (conv1): Conv2d(48, 96, kernel_size=(4, 4), stride=(2, 2), padding=(1, 1), bias=False)
  (conv2): Conv2d(96, 192, kernel_size=(4, 4), stride=(2, 2), padding=(1, 1), bias=False)
  (conv3): Conv2d(192, 384, kernel_size=(4, 4), stride=(2, 2), padding=(1, 1), bias=False)
  (conv4): Conv2d(384, 192, kernel_size=(3, 3), stride=(1, 1), padding=(1, 1), bias=False)
  (conv5): Conv2d(192, 96, kernel_size=(3, 3), stride=(1, 1), padding=(1, 1), bias=False)
  (conv6): Conv2d(96, 48, kernel_size=(3, 3), stride=(1, 1), padding=(1, 1), bias=False)
  (conv7): Conv2d(48, 48, kernel_size=(3, 3), stride=(1, 1), padding=(1, 1), bias=False)
  (conv8): Conv2d(48, 48, kernel_size=(3, 3), stride=(1, 1), padding=(1, 1), bias=False)
  (conv9): Conv2d(48, 1, kernel_size=(3, 3), stride=(1, 1), padding=(1, 1))
)
2025-11-05 13:18:19,081 INFO: Loss [L1Loss] is created.
2025-11-05 13:18:27,940 INFO: Loss [PerceptualLoss] is created.
2025-11-05 13:18:27,965 INFO: Loss [GANLoss] is created.
2025-11-05 13:18:27,968 INFO: Model [SRGANModel] is created.
2025-11-05 13:18:28,001 INFO: Start training from epoch: 0, iter: 0
2025-11-05 13:19:00,740 INFO: [FaceE..][epoch:  0, iter:      50, lr:(5.000e-05,)] [eta: 1:08:08, time (data): 0.655 (0.009)] l_g_pix: 1.8586e-02 l_g_percep: 7.7652e-01 l_g_gan: 2.1377e-02 l_d_real: 4.2613e-01 out_d_real: 3.5838e-01 l_d_fake: 1.4254e-01 out_d_fake: 3.5749e-01 
2025-11-05 13:19:22,704 INFO: [FaceE..][epoch:  0, iter:     100, lr:(5.000e-05,)] [eta: 1:10:06, time (data): 0.547 (0.006)] l_g_pix: 1.0967e-02 l_g_percep: 6.4858e-01 l_g_gan: 1.3822e-02 l_d_real: 2.7607e-01 out_d_real: 4.7820e-01 l_d_fake: 2.3207e-01 out_d_fake: 4.7776e-01 
2025-11-05 13:19:45,115 INFO: [FaceE..][epoch:  0, iter:     150, lr:(5.000e-05,)] [eta: 1:11:01, time (data): 0.514 (0.005)] l_g_pix: 1.4276e-02 l_g_percep: 8.0509e-01 l_g_gan: 1.2683e-02 l_d_real: 2.5396e-01 out_d_real: 4.9914e-01 l_d_fake: 2.5254e-01 out_d_fake: 4.9942e-01 
2025-11-05 13:20:08,424 INFO: [FaceE..][epoch:  0, iter:     200, lr:(5.000e-05,)] [eta: 1:12:01, time (data): 0.502 (0.004)] l_g_pix: 1.0815e-02 l_g_percep: 6.3676e-01 l_g_gan: 1.3095e-02 l_d_real: 2.6150e-01 out_d_real: 4.9105e-01 l_d_fake: 2.4306e-01 out_d_fake: 4.9051e-01 
2025-11-05 13:20:31,722 INFO: [FaceE..][epoch:  0, iter:     250, lr:(5.000e-05,)] [eta: 1:12:27, time (data): 0.465 (0.002)] l_g_pix: 8.2561e-03 l_g_percep: 4.6925e-01 l_g_gan: 1.3160e-02 l_d_real: 2.6319e-01 out_d_real: 4.8890e-01 l_d_fake: 2.4095e-01 out_d_fake: 4.8885e-01 
2025-11-05 13:20:54,473 INFO: [FaceE..][epoch:  0, iter:     300, lr:(5.000e-05,)] [eta: 1:12:20, time (data): 0.460 (0.002)] l_g_pix: 1.4232e-02 l_g_percep: 7.6332e-01 l_g_gan: 1.4362e-02 l_d_real: 2.8644e-01 out_d_real: 4.6600e-01 l_d_fake: 2.1763e-01 out_d_fake: 4.6517e-01 
2025-11-05 13:21:17,424 INFO: [FaceE..][epoch:  0, iter:     350, lr:(5.000e-05,)] [eta: 1:12:13, time (data): 0.460 (0.002)] l_g_pix: 1.2935e-02 l_g_percep: 7.0922e-01 l_g_gan: 1.1727e-02 l_d_real: 2.3313e-01 out_d_real: 5.1930e-01 l_d_fake: 2.7020e-01 out_d_fake: 5.1781e-01 
2025-11-05 13:21:40,335 INFO: [FaceE..][epoch:  0, iter:     400, lr:(5.000e-05,)] [eta: 1:12:02, time (data): 0.459 (0.002)] l_g_pix: 1.1662e-02 l_g_percep: 6.5193e-01 l_g_gan: 1.3846e-02 l_d_real: 2.7608e-01 out_d_real: 4.7540e-01 l_d_fake: 2.2602e-01 out_d_fake: 4.7451e-01 
2025-11-05 13:22:03,467 INFO: [FaceE..][epoch:  0, iter:     450, lr:(5.000e-05,)] [eta: 1:11:52, time (data): 0.461 (0.002)] l_g_pix: 1.3575e-02 l_g_percep: 7.8688e-01 l_g_gan: 1.4259e-02 l_d_real: 2.8463e-01 out_d_real: 4.6694e-01 l_d_fake: 2.1793e-01 out_d_fake: 4.6633e-01 
2025-11-05 13:22:26,490 INFO: [FaceE..][epoch:  0, iter:     500, lr:(5.000e-05,)] [eta: 1:11:38, time (data): 0.461 (0.002)] l_g_pix: 1.3075e-02 l_g_percep: 8.3964e-01 l_g_gan: 1.2175e-02 l_d_real: 2.4262e-01 out_d_real: 5.0803e-01 l_d_fake: 2.5765e-01 out_d_fake: 5.0704e-01 
2025-11-05 13:22:49,354 INFO: [FaceE..][epoch:  0, iter:     550, lr:(5.000e-05,)] [eta: 1:11:19, time (data): 0.460 (0.002)] l_g_pix: 9.4820e-03 l_g_percep: 6.3964e-01 l_g_gan: 1.0929e-02 l_d_real: 2.1812e-01 out_d_real: 5.3369e-01 l_d_fake: 2.8496e-01 out_d_fake: 5.3317e-01 
2025-11-05 13:23:12,353 INFO: [FaceE..][epoch:  0, iter:     600, lr:(5.000e-05,)] [eta: 1:11:02, time (data): 0.460 (0.002)] l_g_pix: 1.1367e-02 l_g_percep: 6.2029e-01 l_g_gan: 1.3141e-02 l_d_real: 2.6252e-01 out_d_real: 4.8797e-01 l_d_fake: 2.3815e-01 out_d_fake: 4.8766e-01 
2025-11-05 13:23:35,372 INFO: [FaceE..][epoch:  0, iter:     650, lr:(5.000e-05,)] [eta: 1:10:44, time (data): 0.461 (0.002)] l_g_pix: 1.1223e-02 l_g_percep: 6.3422e-01 l_g_gan: 1.2591e-02 l_d_real: 2.5045e-01 out_d_real: 4.9979e-01 l_d_fake: 2.4861e-01 out_d_fake: 4.9837e-01 
2025-11-05 13:23:58,376 INFO: [FaceE..][epoch:  0, iter:     700, lr:(5.000e-05,)] [eta: 1:10:26, time (data): 0.460 (0.002)] l_g_pix: 1.1059e-02 l_g_percep: 5.9469e-01 l_g_gan: 1.0565e-02 l_d_real: 2.1099e-01 out_d_real: 5.4150e-01 l_d_fake: 2.9358e-01 out_d_fake: 5.4114e-01 
2025-11-05 13:24:21,215 INFO: [FaceE..][epoch:  0, iter:     750, lr:(5.000e-05,)] [eta: 1:10:04, time (data): 0.459 (0.002)] l_g_pix: 1.4515e-02 l_g_percep: 8.4830e-01 l_g_gan: 1.2458e-02 l_d_real: 2.4701e-01 out_d_real: 5.0334e-01 l_d_fake: 2.5147e-01 out_d_fake: 5.0115e-01 
2025-11-05 13:24:44,121 INFO: [FaceE..][epoch:  0, iter:     800, lr:(5.000e-05,)] [eta: 1:09:44, time (data): 0.459 (0.002)] l_g_pix: 2.9560e-02 l_g_percep: 1.0131e+00 l_g_gan: 9.0316e-03 l_d_real: 1.7648e-01 out_d_real: 5.8257e-01 l_d_fake: 3.3387e-01 out_d_fake: 5.7661e-01 
2025-11-05 13:25:07,101 INFO: [FaceE..][epoch:  0, iter:     850, lr:(5.000e-05,)] [eta: 1:09:24, time (data): 0.460 (0.002)] l_g_pix: 1.9413e-02 l_g_percep: 9.1370e-01 l_g_gan: 1.3954e-02 l_d_real: 2.7032e-01 out_d_real: 4.8063e-01 l_d_fake: 2.2355e-01 out_d_fake: 4.7223e-01 
2025-11-05 13:25:30,011 INFO: [FaceE..][epoch:  0, iter:     900, lr:(5.000e-05,)] [eta: 1:09:02, time (data): 0.459 (0.002)] l_g_pix: 8.4039e-03 l_g_percep: 5.4644e-01 l_g_gan: 1.1915e-02 l_d_real: 2.3667e-01 out_d_real: 5.1404e-01 l_d_fake: 2.6306e-01 out_d_fake: 5.1238e-01 
2025-11-05 13:25:52,852 INFO: [FaceE..][epoch:  0, iter:     950, lr:(5.000e-05,)] [eta: 1:08:40, time (data): 0.458 (0.002)] l_g_pix: 1.4571e-02 l_g_percep: 9.0653e-01 l_g_gan: 1.2493e-02 l_d_real: 2.4379e-01 out_d_real: 5.0746e-01 l_d_fake: 2.5242e-01 out_d_fake: 5.0127e-01 
2025-11-05 13:26:15,811 INFO: [FaceE..][epoch:  0, iter:   1,000, lr:(5.000e-05,)] [eta: 1:08:19, time (data): 0.459 (0.002)] l_g_pix: 1.7792e-02 l_g_percep: 8.2957e-01 l_g_gan: 1.4315e-02 l_d_real: 2.7982e-01 out_d_real: 4.7168e-01 l_d_fake: 2.1690e-01 out_d_fake: 4.6530e-01 
2025-11-05 13:26:38,773 INFO: [FaceE..][epoch:  0, iter:   1,050, lr:(5.000e-05,)] [eta: 1:07:58, time (data): 0.460 (0.002)] l_g_pix: 8.3004e-03 l_g_percep: 6.0690e-01 l_g_gan: 1.2838e-02 l_d_real: 2.5568e-01 out_d_real: 4.9487e-01 l_d_fake: 2.4437e-01 out_d_fake: 4.9380e-01 
2025-11-05 13:27:01,648 INFO: [FaceE..][epoch:  0, iter:   1,100, lr:(5.000e-05,)] [eta: 1:07:36, time (data): 0.459 (0.002)] l_g_pix: 1.5598e-02 l_g_percep: 7.3927e-01 l_g_gan: 1.6920e-02 l_d_real: 3.3527e-01 out_d_real: 4.2136e-01 l_d_fake: 1.7538e-01 out_d_fake: 4.1849e-01 
2025-11-05 13:27:24,427 INFO: [FaceE..][epoch:  0, iter:   1,150, lr:(5.000e-05,)] [eta: 1:07:13, time (data): 0.458 (0.002)] l_g_pix: 1.2009e-02 l_g_percep: 6.4145e-01 l_g_gan: 1.3323e-02 l_d_real: 2.6171e-01 out_d_real: 4.8956e-01 l_d_fake: 2.3603e-01 out_d_fake: 4.8477e-01 
2025-11-05 13:27:47,479 INFO: [FaceE..][epoch:  0, iter:   1,200, lr:(5.000e-05,)] [eta: 1:06:52, time (data): 0.458 (0.002)] l_g_pix: 1.3686e-02 l_g_percep: 7.6131e-01 l_g_gan: 1.2784e-02 l_d_real: 2.5407e-01 out_d_real: 4.9772e-01 l_d_fake: 2.4829e-01 out_d_fake: 4.9630e-01 
2025-11-05 13:28:10,409 INFO: [FaceE..][epoch:  0, iter:   1,250, lr:(5.000e-05,)] [eta: 1:06:30, time (data): 0.459 (0.002)] l_g_pix: 1.8979e-02 l_g_percep: 7.6171e-01 l_g_gan: 1.2162e-02 l_d_real: 2.3527e-01 out_d_real: 5.1540e-01 l_d_fake: 2.5763e-01 out_d_fake: 5.0720e-01 
2025-11-05 13:28:33,140 INFO: [FaceE..][epoch:  0, iter:   1,300, lr:(5.000e-05,)] [eta: 1:06:07, time (data): 0.457 (0.002)] l_g_pix: 1.2202e-02 l_g_percep: 6.6977e-01 l_g_gan: 1.5914e-02 l_d_real: 3.0857e-01 out_d_real: 4.4540e-01 l_d_fake: 1.9084e-01 out_d_fake: 4.3627e-01 
2025-11-05 13:28:56,148 INFO: [FaceE..][epoch:  0, iter:   1,350, lr:(5.000e-05,)] [eta: 1:05:45, time (data): 0.458 (0.002)] l_g_pix: 1.4830e-02 l_g_percep: 6.5378e-01 l_g_gan: 9.3834e-03 l_d_real: 1.7711e-01 out_d_real: 5.8108e-01 l_d_fake: 3.2388e-01 out_d_fake: 5.6809e-01 
2025-11-05 13:29:19,065 INFO: [FaceE..][epoch:  0, iter:   1,400, lr:(5.000e-05,)] [eta: 1:05:23, time (data): 0.458 (0.002)] l_g_pix: 1.5261e-02 l_g_percep: 7.5222e-01 l_g_gan: 1.7279e-02 l_d_real: 3.4364e-01 out_d_real: 4.1434e-01 l_d_fake: 1.7105e-01 out_d_fake: 4.1272e-01 
2025-11-05 13:29:41,939 INFO: [FaceE..][epoch:  0, iter:   1,450, lr:(5.000e-05,)] [eta: 1:05:01, time (data): 0.458 (0.002)] l_g_pix: 1.4438e-02 l_g_percep: 8.8007e-01 l_g_gan: 1.1553e-02 l_d_real: 2.1666e-01 out_d_real: 5.3683e-01 l_d_fake: 2.7118e-01 out_d_fake: 5.2005e-01 
2025-11-05 13:30:04,881 INFO: [FaceE..][epoch:  0, iter:   1,500, lr:(5.000e-05,)] [eta: 1:04:39, time (data): 0.459 (0.002)] l_g_pix: 1.3248e-02 l_g_percep: 7.6125e-01 l_g_gan: 1.2778e-02 l_d_real: 2.4572e-01 out_d_real: 5.0658e-01 l_d_fake: 2.4702e-01 out_d_fake: 4.9570e-01 
2025-11-05 13:30:28,359 INFO: [FaceE..][epoch:  1, iter:   1,550, lr:(5.000e-05,)] [eta: 1:04:19, time (data): 0.462 (0.004)] l_g_pix: 1.6156e-02 l_g_percep: 8.4708e-01 l_g_gan: 1.0108e-02 l_d_real: 1.8914e-01 out_d_real: 5.6757e-01 l_d_fake: 3.0503e-01 out_d_fake: 5.5142e-01 
2025-11-05 13:30:51,482 INFO: [FaceE..][epoch:  1, iter:   1,600, lr:(5.000e-05,)] [eta: 1:03:58, time (data): 0.462 (0.003)] l_g_pix: 1.0591e-02 l_g_percep: 5.2130e-01 l_g_gan: 1.4954e-02 l_d_real: 2.9086e-01 out_d_real: 4.6462e-01 l_d_fake: 2.0759e-01 out_d_fake: 4.5424e-01 
2025-11-05 13:31:14,413 INFO: [FaceE..][epoch:  1, iter:   1,650, lr:(5.000e-05,)] [eta: 1:03:36, time (data): 0.460 (0.002)] l_g_pix: 1.5752e-02 l_g_percep: 7.1198e-01 l_g_gan: 1.4961e-02 l_d_real: 2.9210e-01 out_d_real: 4.6095e-01 l_d_fake: 2.0783e-01 out_d_fake: 4.5429e-01 
2025-11-05 13:31:37,510 INFO: [FaceE..][epoch:  1, iter:   1,700, lr:(5.000e-05,)] [eta: 1:03:14, time (data): 0.461 (0.002)] l_g_pix: 1.0813e-02 l_g_percep: 5.5473e-01 l_g_gan: 1.6990e-02 l_d_real: 3.3348e-01 out_d_real: 4.2293e-01 l_d_fake: 1.7470e-01 out_d_fake: 4.1743e-01 
2025-11-05 13:32:00,892 INFO: [FaceE..][epoch:  1, iter:   1,750, lr:(5.000e-05,)] [eta: 1:02:54, time (data): 0.463 (0.002)] l_g_pix: 1.5220e-02 l_g_percep: 1.0793e+00 l_g_gan: 1.6552e-02 l_d_real: 3.1327e-01 out_d_real: 4.4559e-01 l_d_fake: 1.8192e-01 out_d_fake: 4.2542e-01 
2025-11-05 13:32:24,180 INFO: [FaceE..][epoch:  1, iter:   1,800, lr:(5.000e-05,)] [eta: 1:02:33, time (data): 0.464 (0.002)] l_g_pix: 1.6228e-02 l_g_percep: 8.7123e-01 l_g_gan: 1.2791e-02 l_d_real: 2.2822e-01 out_d_real: 5.2640e-01 l_d_fake: 2.4715e-01 out_d_fake: 4.9565e-01 
2025-11-05 13:32:47,035 INFO: [FaceE..][epoch:  1, iter:   1,850, lr:(5.000e-05,)] [eta: 1:02:10, time (data): 0.458 (0.002)] l_g_pix: 1.3362e-02 l_g_percep: 7.2493e-01 l_g_gan: 1.0666e-02 l_d_real: 1.7266e-01 out_d_real: 5.9023e-01 l_d_fake: 2.9385e-01 out_d_fake: 5.4009e-01 
2025-11-05 13:33:10,173 INFO: [FaceE..][epoch:  1, iter:   1,900, lr:(5.000e-05,)] [eta: 1:01:48, time (data): 0.460 (0.002)] l_g_pix: 1.9071e-02 l_g_percep: 9.5674e-01 l_g_gan: 1.1217e-02 l_d_real: 1.7788e-01 out_d_real: 6.0078e-01 l_d_fake: 2.8513e-01 out_d_fake: 5.3038e-01 
2025-11-05 13:33:33,252 INFO: [FaceE..][epoch:  1, iter:   1,950, lr:(5.000e-05,)] [eta: 1:01:26, time (data): 0.461 (0.002)] l_g_pix: 1.8862e-02 l_g_percep: 9.1945e-01 l_g_gan: 1.4020e-02 l_d_real: 2.3329e-01 out_d_real: 5.3917e-01 l_d_fake: 2.2740e-01 out_d_fake: 4.7350e-01 
2025-11-05 13:33:56,131 INFO: [FaceE..][epoch:  1, iter:   2,000, lr:(5.000e-05,)] [eta: 1:01:03, time (data): 0.460 (0.002)] l_g_pix: 2.0445e-02 l_g_percep: 8.8840e-01 l_g_gan: 1.2326e-02 l_d_real: 1.5147e-01 out_d_real: 6.2948e-01 l_d_fake: 2.6107e-01 out_d_fake: 5.0723e-01 
2025-11-05 13:33:56,131 INFO: Saving models and training states.
2025-11-05 13:36:03,691 INFO: Validation FaceVal
	 # psnr: 33.9532	Best: 33.9532 @ 2000 iter
	 # ssim: 0.8985	Best: 0.8985 @ 2000 iter

2025-11-05 13:36:27,145 INFO: [FaceE..][epoch:  1, iter:   2,050, lr:(5.000e-05,)] [eta: 1:08:56, time (data): 0.467 (0.002)] l_g_pix: 1.3537e-02 l_g_percep: 7.6307e-01 l_g_gan: 1.6948e-02 l_d_real: 2.9712e-01 out_d_real: 4.6327e-01 l_d_fake: 1.8037e-01 out_d_fake: 4.2070e-01 
2025-11-05 13:36:50,341 INFO: [FaceE..][epoch:  1, iter:   2,100, lr:(5.000e-05,)] [eta: 1:08:20, time (data): 0.465 (0.002)] l_g_pix: 1.2580e-02 l_g_percep: 5.3013e-01 l_g_gan: 2.0645e-02 l_d_real: 3.5561e-01 out_d_real: 4.0655e-01 l_d_fake: 1.2982e-01 out_d_fake: 3.5846e-01 
2025-11-05 13:37:13,061 INFO: [FaceE..][epoch:  1, iter:   2,150, lr:(5.000e-05,)] [eta: 1:07:42, time (data): 0.461 (0.002)] l_g_pix: 1.2784e-02 l_g_percep: 6.2227e-01 l_g_gan: 1.9084e-02 l_d_real: 2.9977e-01 out_d_real: 4.6703e-01 l_d_fake: 1.5747e-01 out_d_fake: 3.8780e-01 
2025-11-05 13:37:36,125 INFO: [FaceE..][epoch:  1, iter:   2,200, lr:(5.000e-05,)] [eta: 1:07:06, time (data): 0.461 (0.002)] l_g_pix: 1.4857e-02 l_g_percep: 7.8533e-01 l_g_gan: 1.7598e-02 l_d_real: 2.2759e-01 out_d_real: 5.3563e-01 l_d_fake: 1.8106e-01 out_d_fake: 4.1446e-01 
2025-11-05 13:37:59,380 INFO: [FaceE..][epoch:  1, iter:   2,250, lr:(5.000e-05,)] [eta: 1:06:31, time (data): 0.465 (0.003)] l_g_pix: 8.7386e-03 l_g_percep: 4.9867e-01 l_g_gan: 2.1010e-02 l_d_real: 4.0144e-01 out_d_real: 3.7242e-01 l_d_fake: 1.3638e-01 out_d_fake: 3.5809e-01 
2025-11-05 13:38:22,442 INFO: [FaceE..][epoch:  1, iter:   2,300, lr:(5.000e-05,)] [eta: 1:05:57, time (data): 0.463 (0.002)] l_g_pix: 1.5006e-02 l_g_percep: 7.2257e-01 l_g_gan: 1.5621e-02 l_d_real: 1.8688e-01 out_d_real: 5.7626e-01 l_d_fake: 2.0493e-01 out_d_fake: 4.4624e-01 
2025-11-05 13:38:45,290 INFO: [FaceE..][epoch:  1, iter:   2,350, lr:(5.000e-05,)] [eta: 1:05:22, time (data): 0.461 (0.002)] l_g_pix: 1.3969e-02 l_g_percep: 6.3828e-01 l_g_gan: 1.6186e-02 l_d_real: 1.8702e-01 out_d_real: 5.8604e-01 l_d_fake: 1.9718e-01 out_d_fake: 4.3673e-01 
2025-11-05 13:39:08,179 INFO: [FaceE..][epoch:  1, iter:   2,400, lr:(5.000e-05,)] [eta: 1:04:47, time (data): 0.460 (0.002)] l_g_pix: 1.4300e-02 l_g_percep: 7.6133e-01 l_g_gan: 2.3521e-02 l_d_real: 3.0152e-01 out_d_real: 4.8031e-01 l_d_fake: 1.3761e-01 out_d_fake: 3.3350e-01 
2025-11-05 13:39:31,104 INFO: [FaceE..][epoch:  1, iter:   2,450, lr:(5.000e-05,)] [eta: 1:04:14, time (data): 0.460 (0.002)] l_g_pix: 1.1108e-02 l_g_percep: 6.6694e-01 l_g_gan: 2.1654e-02 l_d_real: 2.4790e-01 out_d_real: 5.3511e-01 l_d_fake: 1.3985e-01 out_d_fake: 3.5337e-01 
2025-11-05 13:39:53,988 INFO: [FaceE..][epoch:  1, iter:   2,500, lr:(5.000e-05,)] [eta: 1:03:40, time (data): 0.459 (0.002)] l_g_pix: 3.1339e-02 l_g_percep: 7.5170e-01 l_g_gan: 1.7971e-02 l_d_real: 9.9449e-02 out_d_real: 8.7865e-01 l_d_fake: 2.8930e-01 out_d_fake: 4.6491e-01 
2025-11-05 13:40:16,901 INFO: [FaceE..][epoch:  1, iter:   2,550, lr:(5.000e-05,)] [eta: 1:03:07, time (data): 0.459 (0.002)] l_g_pix: 1.8913e-02 l_g_percep: 8.1566e-01 l_g_gan: 1.6373e-02 l_d_real: 2.6940e-01 out_d_real: 5.2046e-01 l_d_fake: 2.5534e-01 out_d_fake: 4.6394e-01 
2025-11-05 13:40:39,970 INFO: [FaceE..][epoch:  1, iter:   2,600, lr:(5.000e-05,)] [eta: 1:02:35, time (data): 0.459 (0.002)] l_g_pix: 2.1264e-02 l_g_percep: 9.4596e-01 l_g_gan: 1.2377e-02 l_d_real: 2.0201e-01 out_d_real: 5.7417e-01 l_d_fake: 3.2200e-01 out_d_fake: 5.3718e-01 
2025-11-05 13:41:02,908 INFO: [FaceE..][epoch:  1, iter:   2,650, lr:(5.000e-05,)] [eta: 1:02:03, time (data): 0.461 (0.002)] l_g_pix: 1.7240e-02 l_g_percep: 9.6909e-01 l_g_gan: 2.9887e-02 l_d_real: 4.0599e-01 out_d_real: 3.9856e-01 l_d_fake: 9.2385e-02 out_d_fake: 2.4733e-01 
2025-11-05 13:41:25,876 INFO: [FaceE..][epoch:  1, iter:   2,700, lr:(5.000e-05,)] [eta: 1:01:31, time (data): 0.460 (0.002)] l_g_pix: 1.8118e-02 l_g_percep: 8.6875e-01 l_g_gan: 2.1534e-02 l_d_real: 1.1834e-01 out_d_real: 6.9672e-01 l_d_fake: 1.4553e-01 out_d_fake: 3.5743e-01 
2025-11-05 13:41:48,933 INFO: [FaceE..][epoch:  1, iter:   2,750, lr:(5.000e-05,)] [eta: 1:01:00, time (data): 0.460 (0.002)] l_g_pix: 1.2230e-02 l_g_percep: 9.3636e-01 l_g_gan: 2.3630e-02 l_d_real: 2.7927e-01 out_d_real: 5.0421e-01 l_d_fake: 1.3737e-01 out_d_fake: 3.3237e-01 
2025-11-05 13:42:12,006 INFO: [FaceE..][epoch:  1, iter:   2,800, lr:(5.000e-05,)] [eta: 1:00:29, time (data): 0.461 (0.002)] l_g_pix: 2.0261e-02 l_g_percep: 7.3572e-01 l_g_gan: 1.5490e-02 l_d_real: 8.6180e-02 out_d_real: 7.6571e-01 l_d_fake: 2.6235e-01 out_d_fake: 4.7627e-01 
2025-11-05 13:42:34,990 INFO: [FaceE..][epoch:  1, iter:   2,850, lr:(5.000e-05,)] [eta: 0:59:58, time (data): 0.462 (0.002)] l_g_pix: 9.8669e-03 l_g_percep: 6.6779e-01 l_g_gan: 1.0105e-02 l_d_real: 1.1401e-01 out_d_real: 6.8841e-01 l_d_fake: 3.1946e-01 out_d_fake: 5.5868e-01 
2025-11-05 13:42:58,100 INFO: [FaceE..][epoch:  1, iter:   2,900, lr:(5.000e-05,)] [eta: 0:59:28, time (data): 0.462 (0.002)] l_g_pix: 1.1627e-02 l_g_percep: 7.6908e-01 l_g_gan: 1.2554e-02 l_d_real: 2.3222e-01 out_d_real: 5.2048e-01 l_d_fake: 2.5224e-01 out_d_fake: 5.0058e-01 
2025-11-05 13:43:21,097 INFO: [FaceE..][epoch:  1, iter:   2,950, lr:(5.000e-05,)] [eta: 0:58:58, time (data): 0.461 (0.002)] l_g_pix: 1.5122e-02 l_g_percep: 8.8160e-01 l_g_gan: 1.6935e-02 l_d_real: 2.3785e-01 out_d_real: 5.2077e-01 l_d_fake: 1.8894e-01 out_d_fake: 4.2507e-01 
2025-11-05 13:43:44,129 INFO: [FaceE..][epoch:  1, iter:   3,000, lr:(5.000e-05,)] [eta: 0:58:28, time (data): 0.461 (0.002)] l_g_pix: 1.4642e-02 l_g_percep: 6.1278e-01 l_g_gan: 2.0972e-02 l_d_real: 2.8848e-01 out_d_real: 4.9395e-01 l_d_fake: 1.9702e-01 out_d_fake: 3.8879e-01 
2025-11-05 13:44:07,298 INFO: [FaceE..][epoch:  2, iter:   3,050, lr:(5.000e-05,)] [eta: 0:57:59, time (data): 0.468 (0.009)] l_g_pix: 9.1993e-03 l_g_percep: 6.0576e-01 l_g_gan: 1.5806e-02 l_d_real: 2.8378e-01 out_d_real: 4.7048e-01 l_d_fake: 1.9892e-01 out_d_fake: 4.4139e-01 
2025-11-05 13:44:30,276 INFO: [FaceE..][epoch:  2, iter:   3,100, lr:(5.000e-05,)] [eta: 0:57:29, time (data): 0.463 (0.005)] l_g_pix: 1.9237e-02 l_g_percep: 1.1788e+00 l_g_gan: 1.5107e-02 l_d_real: 1.5099e-01 out_d_real: 6.3494e-01 l_d_fake: 2.4488e-01 out_d_fake: 4.7136e-01 
2025-11-05 13:44:53,395 INFO: [FaceE..][epoch:  2, iter:   3,150, lr:(5.000e-05,)] [eta: 0:57:00, time (data): 0.463 (0.004)] l_g_pix: 1.0684e-02 l_g_percep: 6.3886e-01 l_g_gan: 2.1337e-02 l_d_real: 3.3402e-01 out_d_real: 4.4091e-01 l_d_fake: 1.4412e-01 out_d_fake: 3.5869e-01 
2025-11-05 13:45:16,508 INFO: [FaceE..][epoch:  2, iter:   3,200, lr:(5.000e-05,)] [eta: 0:56:31, time (data): 0.463 (0.004)] l_g_pix: 1.7970e-02 l_g_percep: 9.4812e-01 l_g_gan: 1.8686e-02 l_d_real: 2.9065e-01 out_d_real: 4.6758e-01 l_d_fake: 1.6083e-01 out_d_fake: 3.9353e-01 
2025-11-05 13:45:39,474 INFO: [FaceE..][epoch:  2, iter:   3,250, lr:(5.000e-05,)] [eta: 0:56:02, time (data): 0.460 (0.003)] l_g_pix: 2.2717e-02 l_g_percep: 7.8812e-01 l_g_gan: 1.6614e-02 l_d_real: 1.6166e-01 out_d_real: 6.2809e-01 l_d_fake: 2.2897e-01 out_d_fake: 4.4835e-01 
2025-11-05 13:46:02,508 INFO: [FaceE..][epoch:  2, iter:   3,300, lr:(5.000e-05,)] [eta: 0:55:33, time (data): 0.460 (0.002)] l_g_pix: 1.2679e-02 l_g_percep: 7.5099e-01 l_g_gan: 1.3019e-02 l_d_real: 1.8400e-01 out_d_real: 5.8218e-01 l_d_fake: 2.6237e-01 out_d_fake: 5.0099e-01 
2025-11-05 13:46:25,644 INFO: [FaceE..][epoch:  2, iter:   3,350, lr:(5.000e-05,)] [eta: 0:55:05, time (data): 0.461 (0.002)] l_g_pix: 1.1468e-02 l_g_percep: 7.0871e-01 l_g_gan: 1.1154e-02 l_d_real: 1.2603e-01 out_d_real: 6.6405e-01 l_d_fake: 3.1030e-01 out_d_fake: 5.4361e-01 
2025-11-05 13:46:48,592 INFO: [FaceE..][epoch:  2, iter:   3,400, lr:(5.000e-05,)] [eta: 0:54:36, time (data): 0.461 (0.002)] l_g_pix: 1.6565e-02 l_g_percep: 7.3407e-01 l_g_gan: 1.7025e-02 l_d_real: 1.8794e-01 out_d_real: 5.9249e-01 l_d_fake: 2.0506e-01 out_d_fake: 4.3228e-01 
2025-11-05 13:47:11,580 INFO: [FaceE..][epoch:  2, iter:   3,450, lr:(5.000e-05,)] [eta: 0:54:08, time (data): 0.460 (0.002)] l_g_pix: 2.2369e-02 l_g_percep: 1.0092e+00 l_g_gan: 1.6778e-02 l_d_real: 2.2072e-01 out_d_real: 5.6816e-01 l_d_fake: 1.9694e-01 out_d_fake: 4.3068e-01 
2025-11-05 13:47:34,686 INFO: [FaceE..][epoch:  2, iter:   3,500, lr:(5.000e-05,)] [eta: 0:53:40, time (data): 0.461 (0.002)] l_g_pix: 1.7479e-02 l_g_percep: 1.1053e+00 l_g_gan: 2.6015e-02 l_d_real: 3.4771e-01 out_d_real: 4.3130e-01 l_d_fake: 1.1224e-01 out_d_fake: 2.9597e-01 
2025-11-05 13:47:57,796 INFO: [FaceE..][epoch:  2, iter:   3,550, lr:(5.000e-05,)] [eta: 0:53:12, time (data): 0.462 (0.002)] l_g_pix: 2.6879e-02 l_g_percep: 1.1837e+00 l_g_gan: 2.2135e-02 l_d_real: 1.5352e-01 out_d_real: 6.6953e-01 l_d_fake: 1.8299e-01 out_d_fake: 3.7017e-01 
2025-11-05 13:48:20,617 INFO: [FaceE..][epoch:  2, iter:   3,600, lr:(5.000e-05,)] [eta: 0:52:44, time (data): 0.460 (0.002)] l_g_pix: 9.2178e-03 l_g_percep: 6.7974e-01 l_g_gan: 2.2468e-02 l_d_real: 2.2642e-01 out_d_real: 5.4115e-01 l_d_fake: 1.4395e-01 out_d_fake: 3.4731e-01 
2025-11-05 13:48:43,714 INFO: [FaceE..][epoch:  2, iter:   3,650, lr:(5.000e-05,)] [eta: 0:52:16, time (data): 0.458 (0.002)] l_g_pix: 1.1382e-02 l_g_percep: 6.6956e-01 l_g_gan: 2.4487e-02 l_d_real: 3.3769e-01 out_d_real: 4.3644e-01 l_d_fake: 1.2059e-01 out_d_fake: 3.1542e-01 
2025-11-05 13:49:06,804 INFO: [FaceE..][epoch:  2, iter:   3,700, lr:(5.000e-05,)] [eta: 0:51:49, time (data): 0.460 (0.002)] l_g_pix: 1.5878e-02 l_g_percep: 6.8754e-01 l_g_gan: 2.2557e-02 l_d_real: 3.2492e-01 out_d_real: 4.4966e-01 l_d_fake: 1.2600e-01 out_d_fake: 3.3744e-01 
2025-11-05 13:49:29,862 INFO: [FaceE..][epoch:  2, iter:   3,750, lr:(5.000e-05,)] [eta: 0:51:22, time (data): 0.461 (0.002)] l_g_pix: 9.6524e-03 l_g_percep: 5.5471e-01 l_g_gan: 1.3113e-02 l_d_real: 1.7186e-01 out_d_real: 5.9632e-01 l_d_fake: 2.5658e-01 out_d_fake: 4.9713e-01 
2025-11-05 13:49:52,832 INFO: [FaceE..][epoch:  2, iter:   3,800, lr:(5.000e-05,)] [eta: 0:50:54, time (data): 0.460 (0.002)] l_g_pix: 1.7245e-02 l_g_percep: 8.2836e-01 l_g_gan: 1.9553e-02 l_d_real: 1.8857e-01 out_d_real: 5.9874e-01 l_d_fake: 1.6254e-01 out_d_fake: 3.8574e-01 
2025-11-05 13:50:15,957 INFO: [FaceE..][epoch:  2, iter:   3,850, lr:(5.000e-05,)] [eta: 0:50:27, time (data): 0.459 (0.002)] l_g_pix: 2.8452e-02 l_g_percep: 7.0284e-01 l_g_gan: 1.6029e-02 l_d_real: 4.8832e-02 out_d_real: 8.8307e-01 l_d_fake: 2.5057e-01 out_d_fake: 4.6500e-01 
2025-11-05 13:50:38,995 INFO: [FaceE..][epoch:  2, iter:   3,900, lr:(5.000e-05,)] [eta: 0:50:00, time (data): 0.460 (0.002)] l_g_pix: 9.2703e-03 l_g_percep: 5.8516e-01 l_g_gan: 2.0634e-02 l_d_real: 1.6268e-01 out_d_real: 6.2893e-01 l_d_fake: 1.5535e-01 out_d_fake: 3.7134e-01 
2025-11-05 13:51:01,988 INFO: [FaceE..][epoch:  2, iter:   3,950, lr:(5.000e-05,)] [eta: 0:49:33, time (data): 0.460 (0.002)] l_g_pix: 2.6574e-02 l_g_percep: 9.8173e-01 l_g_gan: 1.9664e-02 l_d_real: 2.2356e-01 out_d_real: 5.6480e-01 l_d_fake: 1.7005e-01 out_d_fake: 3.8838e-01 
2025-11-05 13:51:25,024 INFO: [FaceE..][epoch:  2, iter:   4,000, lr:(5.000e-05,)] [eta: 0:49:06, time (data): 0.460 (0.002)] l_g_pix: 9.6905e-03 l_g_percep: 4.5089e-01 l_g_gan: 1.9202e-02 l_d_real: 2.9587e-01 out_d_real: 4.6112e-01 l_d_fake: 1.5431e-01 out_d_fake: 3.8514e-01 
2025-11-05 13:51:25,025 INFO: Saving models and training states.
2025-11-05 13:53:31,938 INFO: Validation FaceVal
	 # psnr: 32.8771	Best: 33.9532 @ 2000 iter
	 # ssim: 0.8950	Best: 0.8985 @ 2000 iter

2025-11-05 13:53:55,296 INFO: [FaceE..][epoch:  2, iter:   4,050, lr:(5.000e-05,)] [eta: 0:51:46, time (data): 0.469 (0.003)] l_g_pix: 1.0510e-02 l_g_percep: 7.4980e-01 l_g_gan: 1.9167e-02 l_d_real: 1.9216e-01 out_d_real: 5.9784e-01 l_d_fake: 1.6865e-01 out_d_fake: 3.9265e-01 
2025-11-05 13:54:18,201 INFO: [FaceE..][epoch:  2, iter:   4,100, lr:(5.000e-05,)] [eta: 0:51:15, time (data): 0.462 (0.002)] l_g_pix: 2.0543e-02 l_g_percep: 1.0036e+00 l_g_gan: 1.8413e-02 l_d_real: 7.4916e-02 out_d_real: 8.1770e-01 l_d_fake: 2.1078e-01 out_d_fake: 4.2126e-01 
2025-11-05 13:54:41,164 INFO: [FaceE..][epoch:  2, iter:   4,150, lr:(5.000e-05,)] [eta: 0:50:45, time (data): 0.461 (0.002)] l_g_pix: 1.5492e-02 l_g_percep: 8.8869e-01 l_g_gan: 2.6994e-02 l_d_real: 3.8764e-01 out_d_real: 4.1486e-01 l_d_fake: 9.7900e-02 out_d_fake: 2.7902e-01 
2025-11-05 13:55:04,190 INFO: [FaceE..][epoch:  2, iter:   4,200, lr:(5.000e-05,)] [eta: 0:50:15, time (data): 0.461 (0.002)] l_g_pix: 1.4114e-02 l_g_percep: 7.4243e-01 l_g_gan: 2.0159e-02 l_d_real: 1.8193e-01 out_d_real: 6.3665e-01 l_d_fake: 1.6415e-01 out_d_fake: 3.8049e-01 
2025-11-05 13:55:27,239 INFO: [FaceE..][epoch:  2, iter:   4,250, lr:(5.000e-05,)] [eta: 0:49:45, time (data): 0.465 (0.002)] l_g_pix: 8.7772e-03 l_g_percep: 5.9609e-01 l_g_gan: 1.9059e-02 l_d_real: 1.8046e-01 out_d_real: 6.0473e-01 l_d_fake: 1.6706e-01 out_d_fake: 3.9294e-01 
2025-11-05 13:55:50,099 INFO: [FaceE..][epoch:  2, iter:   4,300, lr:(5.000e-05,)] [eta: 0:49:15, time (data): 0.460 (0.002)] l_g_pix: 1.1114e-02 l_g_percep: 6.1951e-01 l_g_gan: 1.7142e-02 l_d_real: 1.4732e-01 out_d_real: 6.4883e-01 l_d_fake: 2.3579e-01 out_d_fake: 4.4647e-01 
2025-11-05 13:56:13,031 INFO: [FaceE..][epoch:  2, iter:   4,350, lr:(5.000e-05,)] [eta: 0:48:45, time (data): 0.460 (0.002)] l_g_pix: 1.6859e-02 l_g_percep: 7.9070e-01 l_g_gan: 1.8969e-02 l_d_real: 1.1183e-01 out_d_real: 7.1409e-01 l_d_fake: 1.8742e-01 out_d_fake: 4.0400e-01 
2025-11-05 13:56:36,030 INFO: [FaceE..][epoch:  2, iter:   4,400, lr:(5.000e-05,)] [eta: 0:48:15, time (data): 0.460 (0.002)] l_g_pix: 1.0759e-02 l_g_percep: 7.3587e-01 l_g_gan: 2.9583e-02 l_d_real: 2.7782e-01 out_d_real: 5.2920e-01 l_d_fake: 8.2309e-02 out_d_fake: 2.4534e-01 
2025-11-05 13:56:58,904 INFO: [FaceE..][epoch:  2, iter:   4,450, lr:(5.000e-05,)] [eta: 0:47:46, time (data): 0.460 (0.002)] l_g_pix: 1.2025e-02 l_g_percep: 5.4290e-01 l_g_gan: 1.2364e-02 l_d_real: 1.2500e-01 out_d_real: 6.6945e-01 l_d_fake: 2.8150e-01 out_d_fake: 5.1711e-01 
2025-11-05 13:57:22,004 INFO: [FaceE..][epoch:  2, iter:   4,500, lr:(5.000e-05,)] [eta: 0:47:17, time (data): 0.461 (0.002)] l_g_pix: 1.0498e-02 l_g_percep: 6.5355e-01 l_g_gan: 2.7951e-02 l_d_real: 2.7961e-01 out_d_real: 5.0622e-01 l_d_fake: 9.9188e-02 out_d_fake: 2.7010e-01 
2025-11-05 13:57:45,203 INFO: [FaceE..][epoch:  2, iter:   4,550, lr:(5.000e-05,)] [eta: 0:46:48, time (data): 0.462 (0.002)] l_g_pix: 1.7149e-02 l_g_percep: 7.5746e-01 l_g_gan: 1.6401e-02 l_d_real: 1.3819e-01 out_d_real: 6.6576e-01 l_d_fake: 2.4435e-01 out_d_fake: 4.5821e-01 
2025-11-05 13:58:08,463 INFO: [FaceE..][epoch:  3, iter:   4,600, lr:(5.000e-05,)] [eta: 0:46:19, time (data): 0.463 (0.004)] l_g_pix: 1.8357e-02 l_g_percep: 7.2964e-01 l_g_gan: 2.0874e-02 l_d_real: 2.2683e-01 out_d_real: 5.5207e-01 l_d_fake: 1.4675e-01 out_d_fake: 3.6464e-01 
2025-11-05 13:58:31,391 INFO: [FaceE..][epoch:  3, iter:   4,650, lr:(5.000e-05,)] [eta: 0:45:50, time (data): 0.460 (0.002)] l_g_pix: 1.3184e-02 l_g_percep: 6.1144e-01 l_g_gan: 2.6725e-02 l_d_real: 3.7556e-01 out_d_real: 4.0897e-01 l_d_fake: 9.4498e-02 out_d_fake: 2.8003e-01 
2025-11-05 13:58:54,567 INFO: [FaceE..][epoch:  3, iter:   4,700, lr:(5.000e-05,)] [eta: 0:45:21, time (data): 0.462 (0.002)] l_g_pix: 1.1491e-02 l_g_percep: 7.1328e-01 l_g_gan: 1.4384e-02 l_d_real: 1.7938e-01 out_d_real: 5.9329e-01 l_d_fake: 2.2912e-01 out_d_fake: 4.7071e-01 
2025-11-05 13:59:17,569 INFO: [FaceE..][epoch:  3, iter:   4,750, lr:(5.000e-05,)] [eta: 0:44:53, time (data): 0.461 (0.002)] l_g_pix: 1.3327e-02 l_g_percep: 6.9510e-01 l_g_gan: 2.6392e-02 l_d_real: 2.6494e-01 out_d_real: 5.3031e-01 l_d_fake: 9.3974e-02 out_d_fake: 2.8306e-01 
2025-11-05 13:59:40,580 INFO: [FaceE..][epoch:  3, iter:   4,800, lr:(5.000e-05,)] [eta: 0:44:24, time (data): 0.461 (0.002)] l_g_pix: 9.5663e-03 l_g_percep: 6.8978e-01 l_g_gan: 2.6750e-02 l_d_real: 3.0460e-01 out_d_real: 4.8643e-01 l_d_fake: 9.4463e-02 out_d_fake: 2.7973e-01 
2025-11-05 14:00:03,475 INFO: [FaceE..][epoch:  3, iter:   4,850, lr:(5.000e-05,)] [eta: 0:43:56, time (data): 0.459 (0.002)] l_g_pix: 1.4498e-02 l_g_percep: 6.9362e-01 l_g_gan: 2.9875e-02 l_d_real: 3.2964e-01 out_d_real: 4.5270e-01 l_d_fake: 8.1284e-02 out_d_fake: 2.4193e-01 
2025-11-05 14:00:26,673 INFO: [FaceE..][epoch:  3, iter:   4,900, lr:(5.000e-05,)] [eta: 0:43:28, time (data): 0.462 (0.002)] l_g_pix: 1.4363e-02 l_g_percep: 7.6017e-01 l_g_gan: 2.1750e-02 l_d_real: 2.4792e-01 out_d_real: 5.3177e-01 l_d_fake: 1.3620e-01 out_d_fake: 3.5060e-01 
2025-11-05 14:00:49,713 INFO: [FaceE..][epoch:  3, iter:   4,950, lr:(5.000e-05,)] [eta: 0:43:00, time (data): 0.462 (0.002)] l_g_pix: 1.7001e-02 l_g_percep: 8.4879e-01 l_g_gan: 1.7443e-02 l_d_real: 8.1970e-02 out_d_real: 7.9992e-01 l_d_fake: 2.1542e-01 out_d_fake: 4.3332e-01 
2025-11-05 14:01:12,575 INFO: [FaceE..][epoch:  3, iter:   5,000, lr:(5.000e-05,)] [eta: 0:42:31, time (data): 0.460 (0.002)] l_g_pix: 1.9116e-02 l_g_percep: 7.0339e-01 l_g_gan: 2.9403e-02 l_d_real: 3.5540e-01 out_d_real: 4.3513e-01 l_d_fake: 7.3951e-02 out_d_fake: 2.4297e-01 
2025-11-05 14:01:35,623 INFO: [FaceE..][epoch:  3, iter:   5,050, lr:(5.000e-05,)] [eta: 0:42:03, time (data): 0.460 (0.003)] l_g_pix: 1.4890e-02 l_g_percep: 6.9442e-01 l_g_gan: 2.4565e-02 l_d_real: 3.0631e-01 out_d_real: 4.7953e-01 l_d_fake: 1.0889e-01 out_d_fake: 3.0881e-01 
2025-11-05 14:01:58,576 INFO: [FaceE..][epoch:  3, iter:   5,100, lr:(5.000e-05,)] [eta: 0:41:35, time (data): 0.459 (0.002)] l_g_pix: 1.1925e-02 l_g_percep: 7.4658e-01 l_g_gan: 2.4413e-02 l_d_real: 1.2446e-01 out_d_real: 7.0497e-01 l_d_fake: 1.2866e-01 out_d_fake: 3.2022e-01 
2025-11-05 14:02:21,585 INFO: [FaceE..][epoch:  3, iter:   5,150, lr:(5.000e-05,)] [eta: 0:41:08, time (data): 0.460 (0.002)] l_g_pix: 1.3672e-02 l_g_percep: 6.7747e-01 l_g_gan: 1.8822e-02 l_d_real: 2.7668e-01 out_d_real: 4.9451e-01 l_d_fake: 1.6534e-01 out_d_fake: 3.9447e-01 
2025-11-05 14:02:44,467 INFO: [FaceE..][epoch:  3, iter:   5,200, lr:(5.000e-05,)] [eta: 0:40:40, time (data): 0.459 (0.002)] l_g_pix: 1.2342e-02 l_g_percep: 8.0219e-01 l_g_gan: 2.3096e-02 l_d_real: 2.6863e-01 out_d_real: 4.9938e-01 l_d_fake: 1.1617e-01 out_d_fake: 3.2713e-01 
2025-11-05 14:03:07,497 INFO: [FaceE..][epoch:  3, iter:   5,250, lr:(5.000e-05,)] [eta: 0:40:12, time (data): 0.462 (0.002)] l_g_pix: 1.4233e-02 l_g_percep: 7.5155e-01 l_g_gan: 2.9881e-02 l_d_real: 3.3130e-01 out_d_real: 4.9969e-01 l_d_fake: 1.0555e-01 out_d_fake: 2.5415e-01 
2025-11-05 14:03:30,564 INFO: [FaceE..][epoch:  3, iter:   5,300, lr:(5.000e-05,)] [eta: 0:39:45, time (data): 0.461 (0.002)] l_g_pix: 1.5375e-02 l_g_percep: 8.2884e-01 l_g_gan: 3.3302e-02 l_d_real: 3.2207e-01 out_d_real: 4.7687e-01 l_d_fake: 5.2402e-02 out_d_fake: 1.9324e-01 
2025-11-05 14:03:53,433 INFO: [FaceE..][epoch:  3, iter:   5,350, lr:(5.000e-05,)] [eta: 0:39:17, time (data): 0.460 (0.002)] l_g_pix: 1.8901e-02 l_g_percep: 7.6141e-01 l_g_gan: 2.1853e-02 l_d_real: 2.9342e-01 out_d_real: 5.4050e-01 l_d_fake: 1.3442e-01 out_d_fake: 3.4880e-01 
2025-11-05 14:04:16,368 INFO: [FaceE..][epoch:  3, iter:   5,400, lr:(5.000e-05,)] [eta: 0:38:50, time (data): 0.459 (0.002)] l_g_pix: 1.0443e-02 l_g_percep: 5.8631e-01 l_g_gan: 1.3258e-02 l_d_real: 1.5371e-01 out_d_real: 6.4688e-01 l_d_fake: 2.5808e-01 out_d_fake: 4.9647e-01 
2025-11-05 14:04:39,213 INFO: [FaceE..][epoch:  3, iter:   5,450, lr:(5.000e-05,)] [eta: 0:38:22, time (data): 0.457 (0.002)] l_g_pix: 2.3727e-02 l_g_percep: 8.4393e-01 l_g_gan: 1.8903e-02 l_d_real: 1.4542e-01 out_d_real: 6.5458e-01 l_d_fake: 1.6746e-01 out_d_fake: 3.9470e-01 
2025-11-05 14:05:02,282 INFO: [FaceE..][epoch:  3, iter:   5,500, lr:(5.000e-05,)] [eta: 0:37:55, time (data): 0.460 (0.002)] l_g_pix: 1.1536e-02 l_g_percep: 4.1480e-01 l_g_gan: 1.3146e-02 l_d_real: 1.8394e-01 out_d_real: 5.9732e-01 l_d_fake: 2.7231e-01 out_d_fake: 5.0469e-01 
2025-11-05 14:05:25,054 INFO: [FaceE..][epoch:  3, iter:   5,550, lr:(5.000e-05,)] [eta: 0:37:28, time (data): 0.458 (0.002)] l_g_pix: 1.4746e-02 l_g_percep: 7.1857e-01 l_g_gan: 2.1009e-02 l_d_real: 2.0321e-01 out_d_real: 6.5030e-01 l_d_fake: 1.6648e-01 out_d_fake: 3.7317e-01 
2025-11-05 14:05:48,116 INFO: [FaceE..][epoch:  3, iter:   5,600, lr:(5.000e-05,)] [eta: 0:37:01, time (data): 0.459 (0.002)] l_g_pix: 1.7625e-02 l_g_percep: 8.3373e-01 l_g_gan: 2.9251e-02 l_d_real: 2.8513e-01 out_d_real: 5.1154e-01 l_d_fake: 8.9364e-02 out_d_fake: 2.5223e-01 
2025-11-05 14:06:11,153 INFO: [FaceE..][epoch:  3, iter:   5,650, lr:(5.000e-05,)] [eta: 0:36:34, time (data): 0.461 (0.002)] l_g_pix: 1.6705e-02 l_g_percep: 8.3071e-01 l_g_gan: 2.4425e-02 l_d_real: 3.1977e-01 out_d_real: 4.6348e-01 l_d_fake: 1.0947e-01 out_d_fake: 3.1050e-01 
2025-11-05 14:06:33,932 INFO: [FaceE..][epoch:  3, iter:   5,700, lr:(5.000e-05,)] [eta: 0:36:07, time (data): 0.457 (0.002)] l_g_pix: 2.2219e-02 l_g_percep: 9.4097e-01 l_g_gan: 2.6057e-02 l_d_real: 1.3011e-01 out_d_real: 7.0926e-01 l_d_fake: 1.1989e-01 out_d_fake: 2.9942e-01 
2025-11-05 14:06:57,075 INFO: [FaceE..][epoch:  3, iter:   5,750, lr:(5.000e-05,)] [eta: 0:35:40, time (data): 0.460 (0.002)] l_g_pix: 2.5280e-02 l_g_percep: 8.1114e-01 l_g_gan: 1.4441e-02 l_d_real: 1.2941e-01 out_d_real: 7.6781e-01 l_d_fake: 2.7689e-01 out_d_fake: 4.9407e-01 
2025-11-05 14:07:20,093 INFO: [FaceE..][epoch:  3, iter:   5,800, lr:(5.000e-05,)] [eta: 0:35:13, time (data): 0.460 (0.002)] l_g_pix: 1.5530e-02 l_g_percep: 6.7178e-01 l_g_gan: 3.9511e-02 l_d_real: 5.5478e-01 out_d_real: 3.1171e-01 l_d_fake: 4.0938e-02 out_d_fake: 1.2563e-01 
2025-11-05 14:07:43,147 INFO: [FaceE..][epoch:  3, iter:   5,850, lr:(5.000e-05,)] [eta: 0:34:47, time (data): 0.462 (0.002)] l_g_pix: 1.5147e-02 l_g_percep: 7.1904e-01 l_g_gan: 2.1585e-02 l_d_real: 1.5861e-01 out_d_real: 6.6337e-01 l_d_fake: 1.6000e-01 out_d_fake: 3.6421e-01 
2025-11-05 14:08:05,918 INFO: [FaceE..][epoch:  3, iter:   5,900, lr:(5.000e-05,)] [eta: 0:34:20, time (data): 0.457 (0.002)] l_g_pix: 1.7931e-02 l_g_percep: 8.8999e-01 l_g_gan: 2.5540e-02 l_d_real: 1.6483e-01 out_d_real: 6.5855e-01 l_d_fake: 1.0833e-01 out_d_fake: 2.9884e-01 
2025-11-05 14:08:28,897 INFO: [FaceE..][epoch:  3, iter:   5,950, lr:(5.000e-05,)] [eta: 0:33:53, time (data): 0.458 (0.002)] l_g_pix: 1.5815e-02 l_g_percep: 8.3206e-01 l_g_gan: 1.7810e-02 l_d_real: 2.1553e-01 out_d_real: 5.7994e-01 l_d_fake: 1.8817e-01 out_d_fake: 4.1600e-01 
2025-11-05 14:08:51,901 INFO: [FaceE..][epoch:  3, iter:   6,000, lr:(5.000e-05,)] [eta: 0:33:27, time (data): 0.459 (0.002)] l_g_pix: 1.5860e-02 l_g_percep: 7.4295e-01 l_g_gan: 2.1697e-02 l_d_real: 2.0265e-01 out_d_real: 6.0004e-01 l_d_fake: 1.3180e-01 out_d_fake: 3.4895e-01 
2025-11-05 14:08:51,901 INFO: Saving models and training states.
2025-11-05 14:10:55,821 INFO: Validation FaceVal
	 # psnr: 33.4921	Best: 33.9532 @ 2000 iter
	 # ssim: 0.8844	Best: 0.8985 @ 2000 iter

2025-11-05 14:11:19,143 INFO: [FaceE..][epoch:  3, iter:   6,050, lr:(2.500e-05,)] [eta: 0:34:21, time (data): 0.466 (0.003)] l_g_pix: 1.6566e-02 l_g_percep: 7.7687e-01 l_g_gan: 2.1031e-02 l_d_real: 1.3860e-01 out_d_real: 7.0236e-01 l_d_fake: 1.7210e-01 out_d_fake: 3.7575e-01 
2025-11-05 14:11:42,656 INFO: [FaceE..][epoch:  4, iter:   6,100, lr:(2.500e-05,)] [eta: 0:33:54, time (data): 0.469 (0.006)] l_g_pix: 2.1476e-02 l_g_percep: 7.1328e-01 l_g_gan: 1.4977e-02 l_d_real: 1.2722e-01 out_d_real: 7.0992e-01 l_d_fake: 2.4318e-01 out_d_fake: 4.7182e-01 
2025-11-05 14:12:05,328 INFO: [FaceE..][epoch:  4, iter:   6,150, lr:(2.500e-05,)] [eta: 0:33:25, time (data): 0.463 (0.005)] l_g_pix: 1.8241e-02 l_g_percep: 1.0150e+00 l_g_gan: 2.8755e-02 l_d_real: 2.6154e-01 out_d_real: 5.3582e-01 l_d_fake: 7.7058e-02 out_d_fake: 2.5099e-01 
2025-11-05 14:12:28,304 INFO: [FaceE..][epoch:  4, iter:   6,200, lr:(2.500e-05,)] [eta: 0:32:57, time (data): 0.462 (0.004)] l_g_pix: 3.3369e-02 l_g_percep: 1.0525e+00 l_g_gan: 2.2845e-02 l_d_real: 6.1600e-02 out_d_real: 8.2283e-01 l_d_fake: 1.4266e-01 out_d_fake: 3.4291e-01 
2025-11-05 14:12:51,292 INFO: [FaceE..][epoch:  4, iter:   6,250, lr:(2.500e-05,)] [eta: 0:32:30, time (data): 0.459 (0.002)] l_g_pix: 7.0318e-03 l_g_percep: 4.7323e-01 l_g_gan: 1.5515e-02 l_d_real: 2.2112e-01 out_d_real: 5.6076e-01 l_d_fake: 2.3069e-01 out_d_fake: 4.6023e-01 
2025-11-05 14:13:14,438 INFO: [FaceE..][epoch:  4, iter:   6,300, lr:(2.500e-05,)] [eta: 0:32:02, time (data): 0.462 (0.002)] l_g_pix: 2.3419e-02 l_g_percep: 9.4585e-01 l_g_gan: 2.0229e-02 l_d_real: 9.6474e-02 out_d_real: 7.7161e-01 l_d_fake: 1.8350e-01 out_d_fake: 3.8947e-01 
2025-11-05 14:13:37,167 INFO: [FaceE..][epoch:  4, iter:   6,350, lr:(2.500e-05,)] [eta: 0:31:34, time (data): 0.459 (0.002)] l_g_pix: 1.3688e-02 l_g_percep: 6.7662e-01 l_g_gan: 2.8604e-02 l_d_real: 2.5196e-01 out_d_real: 5.2168e-01 l_d_fake: 7.7621e-02 out_d_fake: 2.5278e-01 
2025-11-05 14:14:00,071 INFO: [FaceE..][epoch:  4, iter:   6,400, lr:(2.500e-05,)] [eta: 0:31:06, time (data): 0.459 (0.002)] l_g_pix: 1.8532e-02 l_g_percep: 8.2523e-01 l_g_gan: 2.7502e-02 l_d_real: 9.8785e-02 out_d_real: 7.5050e-01 l_d_fake: 1.0483e-01 out_d_fake: 2.7744e-01 
2025-11-05 14:14:23,132 INFO: [FaceE..][epoch:  4, iter:   6,450, lr:(2.500e-05,)] [eta: 0:30:39, time (data): 0.467 (0.003)] l_g_pix: 1.6052e-02 l_g_percep: 8.4780e-01 l_g_gan: 1.6818e-02 l_d_real: 1.2881e-01 out_d_real: 7.5120e-01 l_d_fake: 2.1412e-01 out_d_fake: 4.3890e-01 
2025-11-05 14:14:46,023 INFO: [FaceE..][epoch:  4, iter:   6,500, lr:(2.500e-05,)] [eta: 0:30:11, time (data): 0.460 (0.002)] l_g_pix: 1.8557e-02 l_g_percep: 8.1767e-01 l_g_gan: 1.6108e-02 l_d_real: 1.1285e-01 out_d_real: 6.9350e-01 l_d_fake: 2.2151e-01 out_d_fake: 4.4969e-01 
2025-11-05 14:15:09,044 INFO: [FaceE..][epoch:  4, iter:   6,550, lr:(2.500e-05,)] [eta: 0:29:44, time (data): 0.460 (0.002)] l_g_pix: 1.5147e-02 l_g_percep: 8.2219e-01 l_g_gan: 2.4661e-02 l_d_real: 2.2331e-01 out_d_real: 5.6802e-01 l_d_fake: 1.1133e-01 out_d_fake: 3.0907e-01 
2025-11-05 14:15:32,106 INFO: [FaceE..][epoch:  4, iter:   6,600, lr:(2.500e-05,)] [eta: 0:29:17, time (data): 0.461 (0.002)] l_g_pix: 1.5978e-02 l_g_percep: 7.6044e-01 l_g_gan: 1.8288e-02 l_d_real: 1.2432e-01 out_d_real: 7.0693e-01 l_d_fake: 1.9349e-01 out_d_fake: 4.1388e-01 
2025-11-05 14:15:55,158 INFO: [FaceE..][epoch:  4, iter:   6,650, lr:(2.500e-05,)] [eta: 0:28:49, time (data): 0.464 (0.002)] l_g_pix: 5.2321e-02 l_g_percep: 9.3831e-01 l_g_gan: 1.8478e-02 l_d_real: 1.0737e-01 out_d_real: 7.6444e-01 l_d_fake: 1.9638e-01 out_d_fake: 4.1344e-01 
2025-11-05 14:16:18,126 INFO: [FaceE..][epoch:  4, iter:   6,700, lr:(2.500e-05,)] [eta: 0:28:22, time (data): 0.461 (0.002)] l_g_pix: 1.3580e-02 l_g_percep: 8.7651e-01 l_g_gan: 1.5816e-02 l_d_real: 7.1243e-02 out_d_real: 7.8952e-01 l_d_fake: 2.5033e-01 out_d_fake: 4.6706e-01 
2025-11-05 14:16:41,118 INFO: [FaceE..][epoch:  4, iter:   6,750, lr:(2.500e-05,)] [eta: 0:27:55, time (data): 0.460 (0.002)] l_g_pix: 1.1390e-02 l_g_percep: 6.5432e-01 l_g_gan: 1.2825e-02 l_d_real: 1.4234e-01 out_d_real: 6.4769e-01 l_d_fake: 2.7347e-01 out_d_fake: 5.0850e-01 
2025-11-05 14:17:04,268 INFO: [FaceE..][epoch:  4, iter:   6,800, lr:(2.500e-05,)] [eta: 0:27:28, time (data): 0.461 (0.002)] l_g_pix: 1.7781e-02 l_g_percep: 7.0498e-01 l_g_gan: 2.3966e-02 l_d_real: 2.1266e-01 out_d_real: 5.8458e-01 l_d_fake: 1.3201e-01 out_d_fake: 3.2635e-01 
2025-11-05 14:17:27,369 INFO: [FaceE..][epoch:  4, iter:   6,850, lr:(2.500e-05,)] [eta: 0:27:01, time (data): 0.461 (0.002)] l_g_pix: 1.3997e-02 l_g_percep: 8.3476e-01 l_g_gan: 1.2160e-02 l_d_real: 9.6825e-02 out_d_real: 7.7246e-01 l_d_fake: 3.0912e-01 out_d_fake: 5.3296e-01 
2025-11-05 14:17:50,451 INFO: [FaceE..][epoch:  4, iter:   6,900, lr:(2.500e-05,)] [eta: 0:26:34, time (data): 0.461 (0.002)] l_g_pix: 1.0314e-02 l_g_percep: 6.0723e-01 l_g_gan: 2.2077e-02 l_d_real: 3.0335e-01 out_d_real: 4.8061e-01 l_d_fake: 1.4290e-01 out_d_fake: 3.5076e-01 
2025-11-05 14:18:13,531 INFO: [FaceE..][epoch:  4, iter:   6,950, lr:(2.500e-05,)] [eta: 0:26:07, time (data): 0.461 (0.002)] l_g_pix: 2.4721e-02 l_g_percep: 1.1851e+00 l_g_gan: 2.2207e-02 l_d_real: 1.4335e-01 out_d_real: 6.7312e-01 l_d_fake: 1.5197e-01 out_d_fake: 3.5397e-01 
2025-11-05 14:18:36,500 INFO: [FaceE..][epoch:  4, iter:   7,000, lr:(2.500e-05,)] [eta: 0:25:40, time (data): 0.461 (0.002)] l_g_pix: 1.0771e-02 l_g_percep: 6.9197e-01 l_g_gan: 2.5738e-02 l_d_real: 3.4274e-01 out_d_real: 4.5578e-01 l_d_fake: 1.0750e-01 out_d_fake: 2.9639e-01 
2025-11-05 14:18:59,495 INFO: [FaceE..][epoch:  4, iter:   7,050, lr:(2.500e-05,)] [eta: 0:25:13, time (data): 0.459 (0.002)] l_g_pix: 3.5595e-02 l_g_percep: 1.0745e+00 l_g_gan: 1.7944e-02 l_d_real: 7.6356e-02 out_d_real: 8.0503e-01 l_d_fake: 2.4462e-01 out_d_fake: 4.4288e-01 
2025-11-05 14:19:22,418 INFO: [FaceE..][epoch:  4, iter:   7,100, lr:(2.500e-05,)] [eta: 0:24:47, time (data): 0.459 (0.002)] l_g_pix: 1.4742e-02 l_g_percep: 8.3831e-01 l_g_gan: 2.0743e-02 l_d_real: 1.7126e-01 out_d_real: 6.5950e-01 l_d_fake: 1.6556e-01 out_d_fake: 3.7536e-01 
2025-11-05 14:19:45,418 INFO: [FaceE..][epoch:  4, iter:   7,150, lr:(2.500e-05,)] [eta: 0:24:20, time (data): 0.459 (0.002)] l_g_pix: 1.4690e-02 l_g_percep: 7.9248e-01 l_g_gan: 2.9261e-02 l_d_real: 1.1372e-01 out_d_real: 7.4273e-01 l_d_fake: 1.0154e-01 out_d_fake: 2.5832e-01 
2025-11-05 14:20:08,382 INFO: [FaceE..][epoch:  4, iter:   7,200, lr:(2.500e-05,)] [eta: 0:23:53, time (data): 0.459 (0.002)] l_g_pix: 1.2245e-02 l_g_percep: 8.1347e-01 l_g_gan: 1.1002e-02 l_d_real: 9.0087e-02 out_d_real: 7.1720e-01 l_d_fake: 3.2331e-01 out_d_fake: 5.5163e-01 
2025-11-05 14:20:31,192 INFO: [FaceE..][epoch:  4, iter:   7,250, lr:(2.500e-05,)] [eta: 0:23:27, time (data): 0.453 (0.002)] l_g_pix: 2.6815e-02 l_g_percep: 8.7190e-01 l_g_gan: 2.2440e-02 l_d_real: 1.9804e-01 out_d_real: 6.1608e-01 l_d_fake: 1.4160e-01 out_d_fake: 3.4641e-01 
2025-11-05 14:20:54,348 INFO: [FaceE..][epoch:  4, iter:   7,300, lr:(2.500e-05,)] [eta: 0:23:00, time (data): 0.461 (0.002)] l_g_pix: 9.3504e-03 l_g_percep: 6.3250e-01 l_g_gan: 3.3227e-02 l_d_real: 5.2480e-01 out_d_real: 3.0193e-01 l_d_fake: 6.0781e-02 out_d_fake: 1.9813e-01 
2025-11-05 14:21:17,418 INFO: [FaceE..][epoch:  4, iter:   7,350, lr:(2.500e-05,)] [eta: 0:22:34, time (data): 0.461 (0.002)] l_g_pix: 1.6911e-02 l_g_percep: 8.5351e-01 l_g_gan: 1.5585e-02 l_d_real: 9.5649e-02 out_d_real: 7.5393e-01 l_d_fake: 2.6128e-01 out_d_fake: 4.7479e-01 
2025-11-05 14:21:40,458 INFO: [FaceE..][epoch:  4, iter:   7,400, lr:(2.500e-05,)] [eta: 0:22:07, time (data): 0.461 (0.002)] l_g_pix: 1.4811e-02 l_g_percep: 6.9611e-01 l_g_gan: 1.5224e-02 l_d_real: 8.3665e-02 out_d_real: 7.7556e-01 l_d_fake: 2.4036e-01 out_d_fake: 4.6794e-01 
2025-11-05 14:22:03,396 INFO: [FaceE..][epoch:  4, iter:   7,450, lr:(2.500e-05,)] [eta: 0:21:41, time (data): 0.454 (0.002)] l_g_pix: 1.7489e-02 l_g_percep: 9.9718e-01 l_g_gan: 2.7634e-02 l_d_real: 2.4130e-01 out_d_real: 5.4580e-01 l_d_fake: 9.2045e-02 out_d_fake: 2.6971e-01 
2025-11-05 14:22:26,569 INFO: [FaceE..][epoch:  4, iter:   7,500, lr:(2.500e-05,)] [eta: 0:21:14, time (data): 0.461 (0.002)] l_g_pix: 2.1164e-02 l_g_percep: 9.2647e-01 l_g_gan: 2.5632e-02 l_d_real: 1.4382e-01 out_d_real: 6.9280e-01 l_d_fake: 1.1559e-01 out_d_fake: 3.0150e-01 
2025-11-05 14:22:49,535 INFO: [FaceE..][epoch:  4, iter:   7,550, lr:(2.500e-05,)] [eta: 0:20:48, time (data): 0.461 (0.002)] l_g_pix: 1.1471e-02 l_g_percep: 7.0636e-01 l_g_gan: 2.4773e-02 l_d_real: 2.0062e-01 out_d_real: 5.7817e-01 l_d_fake: 1.1111e-01 out_d_fake: 3.0789e-01 
2025-11-05 14:23:12,506 INFO: [FaceE..][epoch:  4, iter:   7,600, lr:(2.500e-05,)] [eta: 0:20:22, time (data): 0.460 (0.002)] l_g_pix: 3.5791e-02 l_g_percep: 9.3131e-01 l_g_gan: 1.9920e-02 l_d_real: 7.3955e-02 out_d_real: 8.2149e-01 l_d_fake: 2.0307e-01 out_d_fake: 4.0234e-01 
2025-11-05 14:23:35,759 INFO: [FaceE..][epoch:  5, iter:   7,650, lr:(2.500e-05,)] [eta: 0:19:56, time (data): 0.454 (0.002)] l_g_pix: 1.3203e-02 l_g_percep: 7.9183e-01 l_g_gan: 1.6221e-02 l_d_real: 1.4731e-01 out_d_real: 6.7028e-01 l_d_fake: 2.2481e-01 out_d_fake: 4.5020e-01 
2025-11-05 14:23:59,018 INFO: [FaceE..][epoch:  5, iter:   7,700, lr:(2.500e-05,)] [eta: 0:19:30, time (data): 0.463 (0.002)] l_g_pix: 2.5094e-02 l_g_percep: 7.6349e-01 l_g_gan: 1.6394e-02 l_d_real: 1.7206e-01 out_d_real: 6.4771e-01 l_d_fake: 2.3224e-01 out_d_fake: 4.5221e-01 
2025-11-05 14:24:22,270 INFO: [FaceE..][epoch:  5, iter:   7,750, lr:(2.500e-05,)] [eta: 0:19:03, time (data): 0.464 (0.002)] l_g_pix: 1.4805e-02 l_g_percep: 7.8785e-01 l_g_gan: 1.1736e-02 l_d_real: 7.2392e-02 out_d_real: 7.8813e-01 l_d_fake: 3.2409e-01 out_d_fake: 5.4469e-01 
2025-11-05 14:24:45,107 INFO: [FaceE..][epoch:  5, iter:   7,800, lr:(2.500e-05,)] [eta: 0:18:37, time (data): 0.462 (0.002)] l_g_pix: 1.2529e-02 l_g_percep: 6.9938e-01 l_g_gan: 2.0347e-02 l_d_real: 2.4773e-01 out_d_real: 5.5455e-01 l_d_fake: 1.8179e-01 out_d_fake: 3.8744e-01 
2025-11-05 14:25:08,097 INFO: [FaceE..][epoch:  5, iter:   7,850, lr:(2.500e-05,)] [eta: 0:18:11, time (data): 0.454 (0.002)] l_g_pix: 1.1019e-02 l_g_percep: 7.9608e-01 l_g_gan: 2.3247e-02 l_d_real: 2.4688e-01 out_d_real: 5.2972e-01 l_d_fake: 1.2805e-01 out_d_fake: 3.3161e-01 
2025-11-05 14:25:31,128 INFO: [FaceE..][epoch:  5, iter:   7,900, lr:(2.500e-05,)] [eta: 0:17:45, time (data): 0.459 (0.003)] l_g_pix: 1.4022e-02 l_g_percep: 7.1876e-01 l_g_gan: 2.6536e-02 l_d_real: 2.5862e-01 out_d_real: 5.2560e-01 l_d_fake: 1.0170e-01 out_d_fake: 2.8553e-01 
2025-11-05 14:25:54,325 INFO: [FaceE..][epoch:  5, iter:   7,950, lr:(2.500e-05,)] [eta: 0:17:19, time (data): 0.461 (0.003)] l_g_pix: 1.3143e-02 l_g_percep: 6.3949e-01 l_g_gan: 2.7101e-02 l_d_real: 3.2048e-01 out_d_real: 4.6794e-01 l_d_fake: 1.0818e-01 out_d_fake: 2.8311e-01 
2025-11-05 14:26:17,185 INFO: [FaceE..][epoch:  5, iter:   8,000, lr:(2.500e-05,)] [eta: 0:16:53, time (data): 0.460 (0.002)] l_g_pix: 1.6068e-02 l_g_percep: 8.9067e-01 l_g_gan: 2.6297e-02 l_d_real: 1.9663e-01 out_d_real: 6.0844e-01 l_d_fake: 1.0798e-01 out_d_fake: 2.9103e-01 
2025-11-05 14:26:17,186 INFO: Saving models and training states.
2025-11-05 14:28:22,756 INFO: Validation FaceVal
	 # psnr: 33.5488	Best: 33.9532 @ 2000 iter
	 # ssim: 0.8848	Best: 0.8985 @ 2000 iter

2025-11-05 14:28:46,023 INFO: [FaceE..][epoch:  5, iter:   8,050, lr:(2.500e-05,)] [eta: 0:16:58, time (data): 0.469 (0.002)] l_g_pix: 1.6594e-02 l_g_percep: 6.7505e-01 l_g_gan: 1.3565e-02 l_d_real: 9.1640e-02 out_d_real: 7.5876e-01 l_d_fake: 2.8868e-01 out_d_fake: 5.0870e-01 
2025-11-05 14:29:08,997 INFO: [FaceE..][epoch:  5, iter:   8,100, lr:(2.500e-05,)] [eta: 0:16:31, time (data): 0.461 (0.002)] l_g_pix: 1.5010e-02 l_g_percep: 9.1641e-01 l_g_gan: 2.7933e-02 l_d_real: 3.6632e-01 out_d_real: 4.5384e-01 l_d_fake: 1.0727e-01 out_d_fake: 2.7433e-01 
2025-11-05 14:29:31,960 INFO: [FaceE..][epoch:  5, iter:   8,150, lr:(2.500e-05,)] [eta: 0:16:04, time (data): 0.460 (0.002)] l_g_pix: 1.0697e-02 l_g_percep: 8.0350e-01 l_g_gan: 1.5327e-02 l_d_real: 1.2408e-01 out_d_real: 6.9344e-01 l_d_fake: 2.4053e-01 out_d_fake: 4.6700e-01 
2025-11-05 14:29:55,083 INFO: [FaceE..][epoch:  5, iter:   8,200, lr:(2.500e-05,)] [eta: 0:15:37, time (data): 0.461 (0.003)] l_g_pix: 1.2846e-02 l_g_percep: 6.9642e-01 l_g_gan: 2.9008e-02 l_d_real: 3.4807e-01 out_d_real: 4.3712e-01 l_d_fake: 9.0273e-02 out_d_fake: 2.5508e-01 
2025-11-05 14:30:18,051 INFO: [FaceE..][epoch:  5, iter:   8,250, lr:(2.500e-05,)] [eta: 0:15:11, time (data): 0.461 (0.002)] l_g_pix: 1.8134e-02 l_g_percep: 8.3502e-01 l_g_gan: 2.4199e-02 l_d_real: 1.0843e-01 out_d_real: 7.6284e-01 l_d_fake: 1.4799e-01 out_d_fake: 3.3206e-01 
2025-11-05 14:30:41,069 INFO: [FaceE..][epoch:  5, iter:   8,300, lr:(2.500e-05,)] [eta: 0:14:44, time (data): 0.460 (0.002)] l_g_pix: 9.1602e-03 l_g_percep: 6.5992e-01 l_g_gan: 1.8936e-02 l_d_real: 1.8556e-01 out_d_real: 5.9757e-01 l_d_fake: 1.6384e-01 out_d_fake: 3.9259e-01 
2025-11-05 14:31:04,027 INFO: [FaceE..][epoch:  5, iter:   8,350, lr:(2.500e-05,)] [eta: 0:14:17, time (data): 0.460 (0.003)] l_g_pix: 1.5630e-02 l_g_percep: 9.4222e-01 l_g_gan: 2.2595e-02 l_d_real: 1.8630e-01 out_d_real: 6.3966e-01 l_d_fake: 1.4834e-01 out_d_fake: 3.4824e-01 
2025-11-05 14:31:27,199 INFO: [FaceE..][epoch:  5, iter:   8,400, lr:(2.500e-05,)] [eta: 0:13:51, time (data): 0.461 (0.003)] l_g_pix: 1.2549e-02 l_g_percep: 6.8140e-01 l_g_gan: 2.2995e-02 l_d_real: 1.8635e-01 out_d_real: 6.2227e-01 l_d_fake: 1.2874e-01 out_d_fake: 3.3447e-01 
2025-11-05 14:31:50,095 INFO: [FaceE..][epoch:  5, iter:   8,450, lr:(2.500e-05,)] [eta: 0:13:24, time (data): 0.454 (0.002)] l_g_pix: 1.8797e-02 l_g_percep: 8.5170e-01 l_g_gan: 2.0051e-02 l_d_real: 1.3700e-01 out_d_real: 6.7578e-01 l_d_fake: 1.7099e-01 out_d_fake: 3.8499e-01 
2025-11-05 14:32:13,240 INFO: [FaceE..][epoch:  5, iter:   8,500, lr:(2.500e-05,)] [eta: 0:12:58, time (data): 0.462 (0.003)] l_g_pix: 2.1747e-02 l_g_percep: 7.9216e-01 l_g_gan: 2.4937e-02 l_d_real: 1.0967e-01 out_d_real: 7.9018e-01 l_d_fake: 1.2981e-01 out_d_fake: 3.1555e-01 
2025-11-05 14:32:36,320 INFO: [FaceE..][epoch:  5, iter:   8,550, lr:(2.500e-05,)] [eta: 0:12:31, time (data): 0.462 (0.003)] l_g_pix: 1.3118e-02 l_g_percep: 7.0797e-01 l_g_gan: 1.0716e-02 l_d_real: 9.3951e-02 out_d_real: 7.1925e-01 l_d_fake: 3.2986e-01 out_d_fake: 5.5776e-01 
2025-11-05 14:32:59,437 INFO: [FaceE..][epoch:  5, iter:   8,600, lr:(2.500e-05,)] [eta: 0:12:05, time (data): 0.462 (0.003)] l_g_pix: 1.5218e-02 l_g_percep: 7.2606e-01 l_g_gan: 1.8166e-02 l_d_real: 1.1357e-01 out_d_real: 7.1478e-01 l_d_fake: 2.0048e-01 out_d_fake: 4.1859e-01 
2025-11-05 14:33:22,502 INFO: [FaceE..][epoch:  5, iter:   8,650, lr:(2.500e-05,)] [eta: 0:11:39, time (data): 0.454 (0.003)] l_g_pix: 1.8762e-02 l_g_percep: 7.2817e-01 l_g_gan: 2.9099e-02 l_d_real: 2.2783e-01 out_d_real: 5.8592e-01 l_d_fake: 1.1397e-01 out_d_fake: 2.6606e-01 
2025-11-05 14:33:45,573 INFO: [FaceE..][epoch:  5, iter:   8,700, lr:(2.500e-05,)] [eta: 0:11:12, time (data): 0.461 (0.003)] l_g_pix: 1.2938e-02 l_g_percep: 6.0274e-01 l_g_gan: 1.6378e-02 l_d_real: 1.5060e-01 out_d_real: 6.4747e-01 l_d_fake: 2.2572e-01 out_d_fake: 4.4913e-01 
2025-11-05 14:34:08,724 INFO: [FaceE..][epoch:  5, iter:   8,750, lr:(2.500e-05,)] [eta: 0:10:46, time (data): 0.462 (0.002)] l_g_pix: 2.1614e-02 l_g_percep: 9.1664e-01 l_g_gan: 3.2663e-02 l_d_real: 2.7499e-01 out_d_real: 5.9289e-01 l_d_fake: 8.4886e-02 out_d_fake: 2.1582e-01 
2025-11-05 14:34:31,673 INFO: [FaceE..][epoch:  5, iter:   8,800, lr:(2.500e-05,)] [eta: 0:10:20, time (data): 0.461 (0.003)] l_g_pix: 1.5163e-02 l_g_percep: 8.3964e-01 l_g_gan: 1.0643e-02 l_d_real: 5.0288e-02 out_d_real: 8.1636e-01 l_d_fake: 3.5158e-01 out_d_fake: 5.6936e-01 
2025-11-05 14:34:54,750 INFO: [FaceE..][epoch:  5, iter:   8,850, lr:(2.500e-05,)] [eta: 0:09:53, time (data): 0.454 (0.002)] l_g_pix: 2.2518e-02 l_g_percep: 7.4806e-01 l_g_gan: 1.4769e-02 l_d_real: 8.5842e-02 out_d_real: 7.9516e-01 l_d_fake: 2.9196e-01 out_d_fake: 4.9831e-01 
2025-11-05 14:35:17,792 INFO: [FaceE..][epoch:  5, iter:   8,900, lr:(2.500e-05,)] [eta: 0:09:27, time (data): 0.460 (0.002)] l_g_pix: 1.1411e-02 l_g_percep: 6.8789e-01 l_g_gan: 1.5637e-02 l_d_real: 1.4443e-01 out_d_real: 6.6902e-01 l_d_fake: 2.3223e-01 out_d_fake: 4.5979e-01 
2025-11-05 14:35:40,999 INFO: [FaceE..][epoch:  5, iter:   8,950, lr:(2.500e-05,)] [eta: 0:09:01, time (data): 0.462 (0.002)] l_g_pix: 1.7917e-02 l_g_percep: 1.0195e+00 l_g_gan: 1.9124e-02 l_d_real: 1.2774e-01 out_d_real: 6.9100e-01 l_d_fake: 1.9139e-01 out_d_fake: 4.0449e-01 
2025-11-05 14:36:03,880 INFO: [FaceE..][epoch:  5, iter:   9,000, lr:(2.500e-05,)] [eta: 0:08:35, time (data): 0.461 (0.002)] l_g_pix: 8.3333e-03 l_g_percep: 5.0906e-01 l_g_gan: 1.8041e-02 l_d_real: 1.7097e-01 out_d_real: 6.2744e-01 l_d_fake: 1.8893e-01 out_d_fake: 4.1406e-01 
2025-11-05 14:36:26,926 INFO: [FaceE..][epoch:  5, iter:   9,050, lr:(1.250e-05,)] [eta: 0:08:09, time (data): 0.454 (0.002)] l_g_pix: 1.6362e-02 l_g_percep: 7.1501e-01 l_g_gan: 2.2924e-02 l_d_real: 1.0992e-01 out_d_real: 7.2760e-01 l_d_fake: 1.7053e-01 out_d_fake: 3.5603e-01 
2025-11-05 14:36:50,076 INFO: [FaceE..][epoch:  5, iter:   9,100, lr:(1.250e-05,)] [eta: 0:07:43, time (data): 0.462 (0.002)] l_g_pix: 2.1774e-02 l_g_percep: 6.8028e-01 l_g_gan: 2.6514e-02 l_d_real: 1.9263e-01 out_d_real: 6.3941e-01 l_d_fake: 1.2770e-01 out_d_fake: 2.9873e-01 
2025-11-05 14:37:13,595 INFO: [FaceE..][epoch:  6, iter:   9,150, lr:(1.250e-05,)] [eta: 0:07:17, time (data): 0.466 (0.005)] l_g_pix: 1.7848e-02 l_g_percep: 9.1895e-01 l_g_gan: 2.2576e-02 l_d_real: 6.3479e-02 out_d_real: 8.2159e-01 l_d_fake: 1.7742e-01 out_d_fake: 3.6298e-01 
2025-11-05 14:37:36,411 INFO: [FaceE..][epoch:  6, iter:   9,200, lr:(1.250e-05,)] [eta: 0:06:51, time (data): 0.463 (0.004)] l_g_pix: 1.0814e-02 l_g_percep: 5.8606e-01 l_g_gan: 2.2849e-02 l_d_real: 2.1318e-01 out_d_real: 5.8197e-01 l_d_fake: 1.3428e-01 out_d_fake: 3.3869e-01 
2025-11-05 14:37:59,371 INFO: [FaceE..][epoch:  6, iter:   9,250, lr:(1.250e-05,)] [eta: 0:06:25, time (data): 0.454 (0.002)] l_g_pix: 8.7369e-03 l_g_percep: 6.0032e-01 l_g_gan: 3.0810e-02 l_d_real: 3.9127e-01 out_d_real: 3.9562e-01 l_d_fake: 6.6882e-02 out_d_fake: 2.2536e-01 
2025-11-05 14:38:22,418 INFO: [FaceE..][epoch:  6, iter:   9,300, lr:(1.250e-05,)] [eta: 0:05:59, time (data): 0.460 (0.002)] l_g_pix: 1.5031e-02 l_g_percep: 6.6966e-01 l_g_gan: 2.9504e-02 l_d_real: 2.5946e-01 out_d_real: 5.4630e-01 l_d_fake: 9.6037e-02 out_d_fake: 2.5301e-01 
2025-11-05 14:38:45,520 INFO: [FaceE..][epoch:  6, iter:   9,350, lr:(1.250e-05,)] [eta: 0:05:33, time (data): 0.461 (0.002)] l_g_pix: 2.3563e-02 l_g_percep: 8.2279e-01 l_g_gan: 2.6951e-02 l_d_real: 2.5901e-01 out_d_real: 5.3241e-01 l_d_fake: 1.2060e-01 out_d_fake: 2.9082e-01 
2025-11-05 14:39:08,571 INFO: [FaceE..][epoch:  6, iter:   9,400, lr:(1.250e-05,)] [eta: 0:05:07, time (data): 0.461 (0.002)] l_g_pix: 8.9251e-03 l_g_percep: 4.2483e-01 l_g_gan: 1.8952e-02 l_d_real: 2.6966e-01 out_d_real: 4.9346e-01 l_d_fake: 1.7317e-01 out_d_fake: 3.9707e-01 
2025-11-05 14:39:31,709 INFO: [FaceE..][epoch:  6, iter:   9,450, lr:(1.250e-05,)] [eta: 0:04:41, time (data): 0.460 (0.002)] l_g_pix: 5.8321e-03 l_g_percep: 3.4653e-01 l_g_gan: 1.6757e-02 l_d_real: 2.3038e-01 out_d_real: 5.2893e-01 l_d_fake: 1.8632e-01 out_d_fake: 4.2560e-01 
2025-11-05 14:39:54,777 INFO: [FaceE..][epoch:  6, iter:   9,500, lr:(1.250e-05,)] [eta: 0:04:16, time (data): 0.461 (0.003)] l_g_pix: 1.1996e-02 l_g_percep: 6.9451e-01 l_g_gan: 2.8666e-02 l_d_real: 2.2814e-01 out_d_real: 5.7739e-01 l_d_fake: 8.9023e-02 out_d_fake: 2.5789e-01 
2025-11-05 14:40:17,605 INFO: [FaceE..][epoch:  6, iter:   9,550, lr:(1.250e-05,)] [eta: 0:03:50, time (data): 0.459 (0.002)] l_g_pix: 7.3031e-03 l_g_percep: 5.6597e-01 l_g_gan: 2.4660e-02 l_d_real: 3.4457e-01 out_d_real: 4.2919e-01 l_d_fake: 1.0998e-01 out_d_fake: 3.0843e-01 
2025-11-05 14:40:40,730 INFO: [FaceE..][epoch:  6, iter:   9,600, lr:(1.250e-05,)] [eta: 0:03:24, time (data): 0.460 (0.002)] l_g_pix: 2.0237e-02 l_g_percep: 1.0042e+00 l_g_gan: 2.0040e-02 l_d_real: 9.5225e-02 out_d_real: 8.0629e-01 l_d_fake: 2.2977e-01 out_d_fake: 4.1451e-01 
2025-11-05 14:41:03,782 INFO: [FaceE..][epoch:  6, iter:   9,650, lr:(1.250e-05,)] [eta: 0:02:58, time (data): 0.453 (0.003)] l_g_pix: 2.6627e-02 l_g_percep: 1.2166e+00 l_g_gan: 2.8833e-02 l_d_real: 1.0067e-01 out_d_real: 7.7404e-01 l_d_fake: 1.1138e-01 out_d_fake: 2.6742e-01 
2025-11-05 14:41:26,657 INFO: [FaceE..][epoch:  6, iter:   9,700, lr:(1.250e-05,)] [eta: 0:02:33, time (data): 0.457 (0.002)] l_g_pix: 1.1245e-02 l_g_percep: 7.5786e-01 l_g_gan: 2.4096e-02 l_d_real: 2.5300e-01 out_d_real: 5.5343e-01 l_d_fake: 1.3444e-01 out_d_fake: 3.2629e-01 
2025-11-05 14:41:49,475 INFO: [FaceE..][epoch:  6, iter:   9,750, lr:(1.250e-05,)] [eta: 0:02:07, time (data): 0.457 (0.002)] l_g_pix: 1.5242e-02 l_g_percep: 6.7316e-01 l_g_gan: 2.2275e-02 l_d_real: 2.4798e-01 out_d_real: 5.5325e-01 l_d_fake: 1.4684e-01 out_d_fake: 3.5070e-01 
2025-11-05 14:42:12,473 INFO: [FaceE..][epoch:  6, iter:   9,800, lr:(1.250e-05,)] [eta: 0:01:41, time (data): 0.458 (0.002)] l_g_pix: 1.0185e-02 l_g_percep: 5.8843e-01 l_g_gan: 2.3576e-02 l_d_real: 2.0093e-01 out_d_real: 6.2757e-01 l_d_fake: 1.4166e-01 out_d_fake: 3.3508e-01 
2025-11-05 14:42:35,481 INFO: [FaceE..][epoch:  6, iter:   9,850, lr:(1.250e-05,)] [eta: 0:01:16, time (data): 0.455 (0.002)] l_g_pix: 1.5260e-02 l_g_percep: 9.1701e-01 l_g_gan: 2.0544e-02 l_d_real: 1.7542e-01 out_d_real: 6.4558e-01 l_d_fake: 1.7324e-01 out_d_fake: 3.8120e-01 
2025-11-05 14:42:58,506 INFO: [FaceE..][epoch:  6, iter:   9,900, lr:(1.250e-05,)] [eta: 0:00:50, time (data): 0.460 (0.002)] l_g_pix: 1.8587e-02 l_g_percep: 8.7497e-01 l_g_gan: 1.5399e-02 l_d_real: 1.3234e-01 out_d_real: 6.8409e-01 l_d_fake: 2.5987e-01 out_d_fake: 4.7595e-01 
2025-11-05 14:43:21,510 INFO: [FaceE..][epoch:  6, iter:   9,950, lr:(1.250e-05,)] [eta: 0:00:25, time (data): 0.460 (0.002)] l_g_pix: 9.5207e-03 l_g_percep: 6.1588e-01 l_g_gan: 2.0491e-02 l_d_real: 2.2222e-01 out_d_real: 5.7379e-01 l_d_fake: 1.7158e-01 out_d_fake: 3.8089e-01 
2025-11-05 14:43:44,479 INFO: [FaceE..][epoch:  6, iter:  10,000, lr:(1.250e-05,)] [eta: 0:00:00, time (data): 0.460 (0.002)] l_g_pix: 1.3543e-02 l_g_percep: 7.5388e-01 l_g_gan: 2.6517e-02 l_d_real: 2.7736e-01 out_d_real: 5.0861e-01 l_d_fake: 1.1567e-01 out_d_fake: 2.9270e-01 
2025-11-05 14:43:44,479 INFO: Saving models and training states.
2025-11-05 14:45:47,100 INFO: Validation FaceVal
	 # psnr: 33.6256	Best: 33.9532 @ 2000 iter
	 # ssim: 0.8844	Best: 0.8985 @ 2000 iter

2025-11-05 14:45:47,462 INFO: End of training. Time consumed: 1:27:19
2025-11-05 14:45:47,462 INFO: Save the latest model.
2025-11-05 14:47:50,939 INFO: Validation FaceVal
	 # psnr: 33.6256	Best: 33.9532 @ 2000 iter
	 # ssim: 0.8844	Best: 0.8985 @ 2000 iter

